2018-05-29 10:20:42,053 INFO  - Resetting session timeout to enabled
2018-05-29 10:20:42,173 INFO  - Resetting session timeout process to 5 minute interval.
2018-05-29 10:20:43,868 INFO  - The Explorer host is up and running.
2018-05-29 10:20:44,653 INFO  - Data services successfully refreshed for host https://localhost:5555.
2018-05-29 10:20:50,625 INFO  - Personal data actors started
2018-05-29 10:21:05,065 INFO  - User 'admin' has logged on
2018-05-29 10:21:31,369 ERROR - Error executing query: ReportUser2s?$skip=0&$top=50&$expand=Id 
NHibernate.Exceptions.GenericADOException: Failed to execute multi criteria[SQL: ] ---> NHibernate.AssertionFailure: Interceptor.OnPrepareStatement(SqlString) returned null or empty SqlString.
   at NHibernate.AdoNet.AbstractBatcher.GetSQL(SqlString sql)
   at NHibernate.AdoNet.AbstractBatcher.Generate(CommandType type, SqlString sqlString, SqlType[] parameterTypes)
   at NHibernate.AdoNet.AbstractBatcher.PrepareQueryCommand(CommandType type, SqlString sql, SqlType[] parameterTypes)
   at NHibernate.Driver.BasicResultSetsCommand.GetReader(Nullable`1 commandTimeout)
   at NHibernate.Impl.MultiCriteriaImpl.GetResultsFromDatabase(IList results)
   --- End of inner exception stack trace ---
   at NHibernate.Impl.MultiCriteriaImpl.GetResultsFromDatabase(IList results)
   at NHibernate.Impl.MultiCriteriaImpl.List()
   at NHibernate.Impl.MultiCriteriaImpl.GetResult(String key)
   at BWF.DataServices.QueryConverters.NHibernate.QueryExecutor.GetResultsWithCountForCriteria[Tdb](ISession session, IMultiCriteria multiCriteria, Nullable`1 firstResult, Nullable`1 pageSize, BWFQuery bwfQuery, IList`1 aggregateDetails)
   at BWF.DataServices.QueryConverters.NHibernate.QueryExecutor.BWFQuery[Tdb,Tdto](BWFQuery bwfQuery, IEnumerable`1 roleIds)
2018-05-29 10:21:31,408 ERROR - Exception executing query: ReportUser2s?$skip=0&$top=50&$expand=Id - NHibernate.Exceptions.GenericADOException: Failed to execute multi criteria[SQL: ] ---> NHibernate.AssertionFailure: Interceptor.OnPrepareStatement(SqlString) returned null or empty SqlString.
   at NHibernate.AdoNet.AbstractBatcher.GetSQL(SqlString sql)
   at NHibernate.AdoNet.AbstractBatcher.Generate(CommandType type, SqlString sqlString, SqlType[] parameterTypes)
   at NHibernate.AdoNet.AbstractBatcher.PrepareQueryCommand(CommandType type, SqlString sql, SqlType[] parameterTypes)
   at NHibernate.Driver.BasicResultSetsCommand.GetReader(Nullable`1 commandTimeout)
   at NHibernate.Impl.MultiCriteriaImpl.GetResultsFromDatabase(IList results)
   --- End of inner exception stack trace ---
   at NHibernate.Impl.MultiCriteriaImpl.GetResultsFromDatabase(IList results)
   at NHibernate.Impl.MultiCriteriaImpl.List()
   at NHibernate.Impl.MultiCriteriaImpl.GetResult(String key)
   at BWF.DataServices.QueryConverters.NHibernate.QueryExecutor.GetResultsWithCountForCriteria[Tdb](ISession session, IMultiCriteria multiCriteria, Nullable`1 firstResult, Nullable`1 pageSize, BWFQuery bwfQuery, IList`1 aggregateDetails)
   at BWF.DataServices.QueryConverters.NHibernate.QueryExecutor.BWFQuery[Tdb,Tdto](BWFQuery bwfQuery, IEnumerable`1 roleIds)
   at BWF.DataServices.Core.Abstract.DataServiceRepository.BWFQuery[Tdb,Tdto](BWFQuery bwfQuery, String username, IEnumerable`1 roleIds, IEnumerable`1 securedCollectionPropertyExpands, String token)
   at BWF.DataServices.Core.Abstract.RecordType`2.GetResult(ILog log, IDataServiceRepository repository, BWFQuery bwfQuery, Query query, String username, IEnumerable`1 roleIds, IEnumerable`1 collectionPropertyExpands, String token)
2018-05-29 10:21:31,433 ERROR - DataServiceHub Exception: Object reference not set to an instance of an object.
2018-05-29 10:25:25,387 INFO  - Resetting session timeout to enabled
2018-05-29 10:25:25,453 INFO  - Resetting session timeout process to 5 minute interval.
2018-05-29 10:25:26,687 INFO  - The Explorer host is up and running.
2018-05-29 10:25:27,427 INFO  - Data services successfully refreshed for host https://localhost:5555.
2018-05-29 10:25:32,893 INFO  - Personal data actors started
2018-05-29 10:25:48,475 INFO  - User 'admin' has logged on
2018-05-29 10:25:59,187 ERROR - Error executing query: ReportUser2s?$skip=0&$top=50&$expand=Id 
NHibernate.Exceptions.GenericADOException: Failed to execute multi criteria[SQL: ] ---> NHibernate.AssertionFailure: Interceptor.OnPrepareStatement(SqlString) returned null or empty SqlString.
   at NHibernate.AdoNet.AbstractBatcher.GetSQL(SqlString sql)
   at NHibernate.AdoNet.AbstractBatcher.Generate(CommandType type, SqlString sqlString, SqlType[] parameterTypes)
   at NHibernate.AdoNet.AbstractBatcher.PrepareQueryCommand(CommandType type, SqlString sql, SqlType[] parameterTypes)
   at NHibernate.Driver.BasicResultSetsCommand.GetReader(Nullable`1 commandTimeout)
   at NHibernate.Impl.MultiCriteriaImpl.GetResultsFromDatabase(IList results)
   --- End of inner exception stack trace ---
   at NHibernate.Impl.MultiCriteriaImpl.GetResultsFromDatabase(IList results)
   at NHibernate.Impl.MultiCriteriaImpl.List()
   at NHibernate.Impl.MultiCriteriaImpl.GetResult(String key)
   at BWF.DataServices.QueryConverters.NHibernate.QueryExecutor.GetResultsWithCountForCriteria[Tdb](ISession session, IMultiCriteria multiCriteria, Nullable`1 firstResult, Nullable`1 pageSize, BWFQuery bwfQuery, IList`1 aggregateDetails)
   at BWF.DataServices.QueryConverters.NHibernate.QueryExecutor.BWFQuery[Tdb,Tdto](BWFQuery bwfQuery, IEnumerable`1 roleIds)
2018-05-29 10:25:59,219 ERROR - Exception executing query: ReportUser2s?$skip=0&$top=50&$expand=Id - NHibernate.Exceptions.GenericADOException: Failed to execute multi criteria[SQL: ] ---> NHibernate.AssertionFailure: Interceptor.OnPrepareStatement(SqlString) returned null or empty SqlString.
   at NHibernate.AdoNet.AbstractBatcher.GetSQL(SqlString sql)
   at NHibernate.AdoNet.AbstractBatcher.Generate(CommandType type, SqlString sqlString, SqlType[] parameterTypes)
   at NHibernate.AdoNet.AbstractBatcher.PrepareQueryCommand(CommandType type, SqlString sql, SqlType[] parameterTypes)
   at NHibernate.Driver.BasicResultSetsCommand.GetReader(Nullable`1 commandTimeout)
   at NHibernate.Impl.MultiCriteriaImpl.GetResultsFromDatabase(IList results)
   --- End of inner exception stack trace ---
   at NHibernate.Impl.MultiCriteriaImpl.GetResultsFromDatabase(IList results)
   at NHibernate.Impl.MultiCriteriaImpl.List()
   at NHibernate.Impl.MultiCriteriaImpl.GetResult(String key)
   at BWF.DataServices.QueryConverters.NHibernate.QueryExecutor.GetResultsWithCountForCriteria[Tdb](ISession session, IMultiCriteria multiCriteria, Nullable`1 firstResult, Nullable`1 pageSize, BWFQuery bwfQuery, IList`1 aggregateDetails)
   at BWF.DataServices.QueryConverters.NHibernate.QueryExecutor.BWFQuery[Tdb,Tdto](BWFQuery bwfQuery, IEnumerable`1 roleIds)
   at BWF.DataServices.Core.Abstract.DataServiceRepository.BWFQuery[Tdb,Tdto](BWFQuery bwfQuery, String username, IEnumerable`1 roleIds, IEnumerable`1 securedCollectionPropertyExpands, String token)
   at BWF.DataServices.Core.Abstract.RecordType`2.GetResult(ILog log, IDataServiceRepository repository, BWFQuery bwfQuery, Query query, String username, IEnumerable`1 roleIds, IEnumerable`1 collectionPropertyExpands, String token)
2018-05-29 10:25:59,242 ERROR - DataServiceHub Exception: Object reference not set to an instance of an object.
2018-05-29 10:38:53,976 INFO  - Resetting session timeout to enabled
2018-05-29 10:38:54,042 INFO  - Resetting session timeout process to 5 minute interval.
2018-05-29 10:38:55,340 INFO  - The Explorer host is up and running.
2018-05-29 10:38:56,051 INFO  - Data services successfully refreshed for host https://localhost:5555.
2018-05-29 10:39:01,545 INFO  - Personal data actors started
2018-05-29 10:39:10,441 INFO  - User 'admin' has logged on
2018-05-29 10:41:15,983 ERROR - Error executing query: ReportUser1s?$skip=0&$top=50&$expand=Id 
NHibernate.Exceptions.GenericADOException: Failed to execute multi criteria[SQL: ] ---> NHibernate.AssertionFailure: Interceptor.OnPrepareStatement(SqlString) returned null or empty SqlString.
   at NHibernate.AdoNet.AbstractBatcher.GetSQL(SqlString sql)
   at NHibernate.AdoNet.AbstractBatcher.Generate(CommandType type, SqlString sqlString, SqlType[] parameterTypes)
   at NHibernate.AdoNet.AbstractBatcher.PrepareQueryCommand(CommandType type, SqlString sql, SqlType[] parameterTypes)
   at NHibernate.Driver.BasicResultSetsCommand.GetReader(Nullable`1 commandTimeout)
   at NHibernate.Impl.MultiCriteriaImpl.GetResultsFromDatabase(IList results)
   --- End of inner exception stack trace ---
   at NHibernate.Impl.MultiCriteriaImpl.GetResultsFromDatabase(IList results)
   at NHibernate.Impl.MultiCriteriaImpl.List()
   at NHibernate.Impl.MultiCriteriaImpl.GetResult(String key)
   at BWF.DataServices.QueryConverters.NHibernate.QueryExecutor.GetResultsWithCountForCriteria[Tdb](ISession session, IMultiCriteria multiCriteria, Nullable`1 firstResult, Nullable`1 pageSize, BWFQuery bwfQuery, IList`1 aggregateDetails)
   at BWF.DataServices.QueryConverters.NHibernate.QueryExecutor.BWFQuery[Tdb,Tdto](BWFQuery bwfQuery, IEnumerable`1 roleIds)
2018-05-29 10:41:16,029 ERROR - Exception executing query: ReportUser1s?$skip=0&$top=50&$expand=Id - NHibernate.Exceptions.GenericADOException: Failed to execute multi criteria[SQL: ] ---> NHibernate.AssertionFailure: Interceptor.OnPrepareStatement(SqlString) returned null or empty SqlString.
   at NHibernate.AdoNet.AbstractBatcher.GetSQL(SqlString sql)
   at NHibernate.AdoNet.AbstractBatcher.Generate(CommandType type, SqlString sqlString, SqlType[] parameterTypes)
   at NHibernate.AdoNet.AbstractBatcher.PrepareQueryCommand(CommandType type, SqlString sql, SqlType[] parameterTypes)
   at NHibernate.Driver.BasicResultSetsCommand.GetReader(Nullable`1 commandTimeout)
   at NHibernate.Impl.MultiCriteriaImpl.GetResultsFromDatabase(IList results)
   --- End of inner exception stack trace ---
   at NHibernate.Impl.MultiCriteriaImpl.GetResultsFromDatabase(IList results)
   at NHibernate.Impl.MultiCriteriaImpl.List()
   at NHibernate.Impl.MultiCriteriaImpl.GetResult(String key)
   at BWF.DataServices.QueryConverters.NHibernate.QueryExecutor.GetResultsWithCountForCriteria[Tdb](ISession session, IMultiCriteria multiCriteria, Nullable`1 firstResult, Nullable`1 pageSize, BWFQuery bwfQuery, IList`1 aggregateDetails)
   at BWF.DataServices.QueryConverters.NHibernate.QueryExecutor.BWFQuery[Tdb,Tdto](BWFQuery bwfQuery, IEnumerable`1 roleIds)
   at BWF.DataServices.Core.Abstract.DataServiceRepository.BWFQuery[Tdb,Tdto](BWFQuery bwfQuery, String username, IEnumerable`1 roleIds, IEnumerable`1 securedCollectionPropertyExpands, String token)
   at BWF.DataServices.Core.Abstract.RecordType`2.GetResult(ILog log, IDataServiceRepository repository, BWFQuery bwfQuery, Query query, String username, IEnumerable`1 roleIds, IEnumerable`1 collectionPropertyExpands, String token)
2018-05-29 10:41:16,048 ERROR - DataServiceHub Exception: Object reference not set to an instance of an object.
2018-05-29 11:01:52,086 INFO  - Resetting session timeout to enabled
2018-05-29 11:01:52,158 INFO  - Resetting session timeout process to 5 minute interval.
2018-05-29 11:01:53,461 INFO  - The Explorer host is up and running.
2018-05-29 11:01:54,235 INFO  - Data services successfully refreshed for host https://localhost:5555.
2018-05-29 11:01:59,734 INFO  - Personal data actors started
2018-05-29 11:02:09,509 INFO  - User 'admin' has logged on
2018-05-29 11:05:14,294 INFO  - Resetting session timeout to enabled
2018-05-29 11:05:14,364 INFO  - Resetting session timeout process to 5 minute interval.
2018-05-29 11:05:15,627 INFO  - The Explorer host is up and running.
2018-05-29 11:05:16,367 INFO  - Data services successfully refreshed for host https://localhost:5555.
2018-05-29 11:05:21,866 INFO  - Personal data actors started
2018-05-29 11:05:39,432 INFO  - User 'admin' has logged on
2018-05-29 11:12:25,144 INFO  - User 'admin' has logged off
2018-05-29 11:54:00,276 INFO  - Resetting session timeout to enabled
2018-05-29 11:54:00,344 INFO  - Resetting session timeout process to 5 minute interval.
2018-05-29 11:54:01,657 INFO  - The Explorer host is up and running.
2018-05-29 11:54:02,362 INFO  - Data services successfully refreshed for host https://localhost:5555.
2018-05-29 11:54:07,792 INFO  - Personal data actors started
2018-05-29 11:54:34,575 INFO  - User 'admin' has logged on
2018-05-29 11:56:43,134 ERROR - Error executing query: ReportUser1s?$skip=0&$top=50&$expand=Id 
NHibernate.Exceptions.GenericADOException: Failed to execute multi criteria[SQL: ] ---> NHibernate.AssertionFailure: Interceptor.OnPrepareStatement(SqlString) returned null or empty SqlString.
   at NHibernate.AdoNet.AbstractBatcher.GetSQL(SqlString sql)
   at NHibernate.AdoNet.AbstractBatcher.Generate(CommandType type, SqlString sqlString, SqlType[] parameterTypes)
   at NHibernate.AdoNet.AbstractBatcher.PrepareQueryCommand(CommandType type, SqlString sql, SqlType[] parameterTypes)
   at NHibernate.Driver.BasicResultSetsCommand.GetReader(Nullable`1 commandTimeout)
   at NHibernate.Impl.MultiCriteriaImpl.GetResultsFromDatabase(IList results)
   --- End of inner exception stack trace ---
   at NHibernate.Impl.MultiCriteriaImpl.GetResultsFromDatabase(IList results)
   at NHibernate.Impl.MultiCriteriaImpl.List()
   at NHibernate.Impl.MultiCriteriaImpl.GetResult(String key)
   at BWF.DataServices.QueryConverters.NHibernate.QueryExecutor.GetResultsWithCountForCriteria[Tdb](ISession session, IMultiCriteria multiCriteria, Nullable`1 firstResult, Nullable`1 pageSize, BWFQuery bwfQuery, IList`1 aggregateDetails)
   at BWF.DataServices.QueryConverters.NHibernate.QueryExecutor.BWFQuery[Tdb,Tdto](BWFQuery bwfQuery, IEnumerable`1 roleIds)
2018-05-29 11:56:43,173 ERROR - Exception executing query: ReportUser1s?$skip=0&$top=50&$expand=Id - NHibernate.Exceptions.GenericADOException: Failed to execute multi criteria[SQL: ] ---> NHibernate.AssertionFailure: Interceptor.OnPrepareStatement(SqlString) returned null or empty SqlString.
   at NHibernate.AdoNet.AbstractBatcher.GetSQL(SqlString sql)
   at NHibernate.AdoNet.AbstractBatcher.Generate(CommandType type, SqlString sqlString, SqlType[] parameterTypes)
   at NHibernate.AdoNet.AbstractBatcher.PrepareQueryCommand(CommandType type, SqlString sql, SqlType[] parameterTypes)
   at NHibernate.Driver.BasicResultSetsCommand.GetReader(Nullable`1 commandTimeout)
   at NHibernate.Impl.MultiCriteriaImpl.GetResultsFromDatabase(IList results)
   --- End of inner exception stack trace ---
   at NHibernate.Impl.MultiCriteriaImpl.GetResultsFromDatabase(IList results)
   at NHibernate.Impl.MultiCriteriaImpl.List()
   at NHibernate.Impl.MultiCriteriaImpl.GetResult(String key)
   at BWF.DataServices.QueryConverters.NHibernate.QueryExecutor.GetResultsWithCountForCriteria[Tdb](ISession session, IMultiCriteria multiCriteria, Nullable`1 firstResult, Nullable`1 pageSize, BWFQuery bwfQuery, IList`1 aggregateDetails)
   at BWF.DataServices.QueryConverters.NHibernate.QueryExecutor.BWFQuery[Tdb,Tdto](BWFQuery bwfQuery, IEnumerable`1 roleIds)
   at BWF.DataServices.Core.Abstract.DataServiceRepository.BWFQuery[Tdb,Tdto](BWFQuery bwfQuery, String username, IEnumerable`1 roleIds, IEnumerable`1 securedCollectionPropertyExpands, String token)
   at BWF.DataServices.Core.Abstract.RecordType`2.GetResult(ILog log, IDataServiceRepository repository, BWFQuery bwfQuery, Query query, String username, IEnumerable`1 roleIds, IEnumerable`1 collectionPropertyExpands, String token)
2018-05-29 11:56:43,194 ERROR - DataServiceHub Exception: Object reference not set to an instance of an object.
2018-05-29 12:01:53,546 INFO  - Resetting session timeout to enabled
2018-05-29 12:01:53,617 INFO  - Resetting session timeout process to 5 minute interval.
2018-05-29 12:01:54,879 INFO  - The Explorer host is up and running.
2018-05-29 12:01:55,687 INFO  - Data services successfully refreshed for host https://localhost:5555.
2018-05-29 12:02:01,214 INFO  - Personal data actors started
2018-05-29 12:02:46,184 INFO  - User 'admin' has logged on
2018-05-29 12:03:30,224 ERROR - Error executing query: ReportUser1s?$skip=0&$top=50&$expand=Id 
NHibernate.Exceptions.GenericADOException: Failed to execute multi criteria[SQL: ] ---> NHibernate.AssertionFailure: Interceptor.OnPrepareStatement(SqlString) returned null or empty SqlString.
   at NHibernate.AdoNet.AbstractBatcher.GetSQL(SqlString sql)
   at NHibernate.AdoNet.AbstractBatcher.Generate(CommandType type, SqlString sqlString, SqlType[] parameterTypes)
   at NHibernate.AdoNet.AbstractBatcher.PrepareQueryCommand(CommandType type, SqlString sql, SqlType[] parameterTypes)
   at NHibernate.Driver.BasicResultSetsCommand.GetReader(Nullable`1 commandTimeout)
   at NHibernate.Impl.MultiCriteriaImpl.GetResultsFromDatabase(IList results)
   --- End of inner exception stack trace ---
   at NHibernate.Impl.MultiCriteriaImpl.GetResultsFromDatabase(IList results)
   at NHibernate.Impl.MultiCriteriaImpl.List()
   at NHibernate.Impl.MultiCriteriaImpl.GetResult(String key)
   at BWF.DataServices.QueryConverters.NHibernate.QueryExecutor.GetResultsWithCountForCriteria[Tdb](ISession session, IMultiCriteria multiCriteria, Nullable`1 firstResult, Nullable`1 pageSize, BWFQuery bwfQuery, IList`1 aggregateDetails)
   at BWF.DataServices.QueryConverters.NHibernate.QueryExecutor.BWFQuery[Tdb,Tdto](BWFQuery bwfQuery, IEnumerable`1 roleIds)
2018-05-29 12:03:30,275 ERROR - Exception executing query: ReportUser1s?$skip=0&$top=50&$expand=Id - NHibernate.Exceptions.GenericADOException: Failed to execute multi criteria[SQL: ] ---> NHibernate.AssertionFailure: Interceptor.OnPrepareStatement(SqlString) returned null or empty SqlString.
   at NHibernate.AdoNet.AbstractBatcher.GetSQL(SqlString sql)
   at NHibernate.AdoNet.AbstractBatcher.Generate(CommandType type, SqlString sqlString, SqlType[] parameterTypes)
   at NHibernate.AdoNet.AbstractBatcher.PrepareQueryCommand(CommandType type, SqlString sql, SqlType[] parameterTypes)
   at NHibernate.Driver.BasicResultSetsCommand.GetReader(Nullable`1 commandTimeout)
   at NHibernate.Impl.MultiCriteriaImpl.GetResultsFromDatabase(IList results)
   --- End of inner exception stack trace ---
   at NHibernate.Impl.MultiCriteriaImpl.GetResultsFromDatabase(IList results)
   at NHibernate.Impl.MultiCriteriaImpl.List()
   at NHibernate.Impl.MultiCriteriaImpl.GetResult(String key)
   at BWF.DataServices.QueryConverters.NHibernate.QueryExecutor.GetResultsWithCountForCriteria[Tdb](ISession session, IMultiCriteria multiCriteria, Nullable`1 firstResult, Nullable`1 pageSize, BWFQuery bwfQuery, IList`1 aggregateDetails)
   at BWF.DataServices.QueryConverters.NHibernate.QueryExecutor.BWFQuery[Tdb,Tdto](BWFQuery bwfQuery, IEnumerable`1 roleIds)
   at BWF.DataServices.Core.Abstract.DataServiceRepository.BWFQuery[Tdb,Tdto](BWFQuery bwfQuery, String username, IEnumerable`1 roleIds, IEnumerable`1 securedCollectionPropertyExpands, String token)
   at BWF.DataServices.Core.Abstract.RecordType`2.GetResult(ILog log, IDataServiceRepository repository, BWFQuery bwfQuery, Query query, String username, IEnumerable`1 roleIds, IEnumerable`1 collectionPropertyExpands, String token)
2018-05-29 12:03:30,301 ERROR - DataServiceHub Exception: Object reference not set to an instance of an object.
2018-05-29 12:23:27,443 INFO  - Resetting session timeout to enabled
2018-05-29 12:23:27,513 INFO  - Resetting session timeout process to 5 minute interval.
2018-05-29 12:23:28,749 INFO  - The Explorer host is up and running.
2018-05-29 12:23:29,494 INFO  - Data services successfully refreshed for host https://localhost:5555.
2018-05-29 12:23:35,271 INFO  - Personal data actors started
2018-05-29 12:23:39,021 INFO  - User 'admin' has logged on
2018-05-29 12:23:49,703 ERROR - Error executing query: ReportUser1s?$skip=0&$top=50&$expand=Id 
NHibernate.Exceptions.GenericADOException: Failed to execute multi criteria[SQL: ] ---> NHibernate.AssertionFailure: Interceptor.OnPrepareStatement(SqlString) returned null or empty SqlString.
   at NHibernate.AdoNet.AbstractBatcher.GetSQL(SqlString sql)
   at NHibernate.AdoNet.AbstractBatcher.Generate(CommandType type, SqlString sqlString, SqlType[] parameterTypes)
   at NHibernate.AdoNet.AbstractBatcher.PrepareQueryCommand(CommandType type, SqlString sql, SqlType[] parameterTypes)
   at NHibernate.Driver.BasicResultSetsCommand.GetReader(Nullable`1 commandTimeout)
   at NHibernate.Impl.MultiCriteriaImpl.GetResultsFromDatabase(IList results)
   --- End of inner exception stack trace ---
   at NHibernate.Impl.MultiCriteriaImpl.GetResultsFromDatabase(IList results)
   at NHibernate.Impl.MultiCriteriaImpl.List()
   at NHibernate.Impl.MultiCriteriaImpl.GetResult(String key)
   at BWF.DataServices.QueryConverters.NHibernate.QueryExecutor.GetResultsWithCountForCriteria[Tdb](ISession session, IMultiCriteria multiCriteria, Nullable`1 firstResult, Nullable`1 pageSize, BWFQuery bwfQuery, IList`1 aggregateDetails)
   at BWF.DataServices.QueryConverters.NHibernate.QueryExecutor.BWFQuery[Tdb,Tdto](BWFQuery bwfQuery, IEnumerable`1 roleIds)
2018-05-29 12:23:49,740 ERROR - Exception executing query: ReportUser1s?$skip=0&$top=50&$expand=Id - NHibernate.Exceptions.GenericADOException: Failed to execute multi criteria[SQL: ] ---> NHibernate.AssertionFailure: Interceptor.OnPrepareStatement(SqlString) returned null or empty SqlString.
   at NHibernate.AdoNet.AbstractBatcher.GetSQL(SqlString sql)
   at NHibernate.AdoNet.AbstractBatcher.Generate(CommandType type, SqlString sqlString, SqlType[] parameterTypes)
   at NHibernate.AdoNet.AbstractBatcher.PrepareQueryCommand(CommandType type, SqlString sql, SqlType[] parameterTypes)
   at NHibernate.Driver.BasicResultSetsCommand.GetReader(Nullable`1 commandTimeout)
   at NHibernate.Impl.MultiCriteriaImpl.GetResultsFromDatabase(IList results)
   --- End of inner exception stack trace ---
   at NHibernate.Impl.MultiCriteriaImpl.GetResultsFromDatabase(IList results)
   at NHibernate.Impl.MultiCriteriaImpl.List()
   at NHibernate.Impl.MultiCriteriaImpl.GetResult(String key)
   at BWF.DataServices.QueryConverters.NHibernate.QueryExecutor.GetResultsWithCountForCriteria[Tdb](ISession session, IMultiCriteria multiCriteria, Nullable`1 firstResult, Nullable`1 pageSize, BWFQuery bwfQuery, IList`1 aggregateDetails)
   at BWF.DataServices.QueryConverters.NHibernate.QueryExecutor.BWFQuery[Tdb,Tdto](BWFQuery bwfQuery, IEnumerable`1 roleIds)
   at BWF.DataServices.Core.Abstract.DataServiceRepository.BWFQuery[Tdb,Tdto](BWFQuery bwfQuery, String username, IEnumerable`1 roleIds, IEnumerable`1 securedCollectionPropertyExpands, String token)
   at BWF.DataServices.Core.Abstract.RecordType`2.GetResult(ILog log, IDataServiceRepository repository, BWFQuery bwfQuery, Query query, String username, IEnumerable`1 roleIds, IEnumerable`1 collectionPropertyExpands, String token)
2018-05-29 12:23:49,771 ERROR - DataServiceHub Exception: Object reference not set to an instance of an object.
2018-05-29 12:30:56,005 INFO  - Resetting session timeout to enabled
2018-05-29 12:30:56,078 INFO  - Resetting session timeout process to 5 minute interval.
2018-05-29 12:30:57,380 INFO  - The Explorer host is up and running.
2018-05-29 12:30:58,120 INFO  - Data services successfully refreshed for host https://localhost:5555.
2018-05-29 12:31:03,735 INFO  - Personal data actors started
2018-05-29 12:31:15,326 INFO  - User 'admin' has logged on
2018-05-29 12:31:26,464 ERROR - Error executing query: ReportUser1s?$skip=0&$top=50&$expand=Id 
NHibernate.Exceptions.GenericADOException: Failed to execute multi criteria[SQL: ] ---> NHibernate.AssertionFailure: Interceptor.OnPrepareStatement(SqlString) returned null or empty SqlString.
   at NHibernate.AdoNet.AbstractBatcher.GetSQL(SqlString sql)
   at NHibernate.AdoNet.AbstractBatcher.Generate(CommandType type, SqlString sqlString, SqlType[] parameterTypes)
   at NHibernate.AdoNet.AbstractBatcher.PrepareQueryCommand(CommandType type, SqlString sql, SqlType[] parameterTypes)
   at NHibernate.Driver.BasicResultSetsCommand.GetReader(Nullable`1 commandTimeout)
   at NHibernate.Impl.MultiCriteriaImpl.GetResultsFromDatabase(IList results)
   --- End of inner exception stack trace ---
   at NHibernate.Impl.MultiCriteriaImpl.GetResultsFromDatabase(IList results)
   at NHibernate.Impl.MultiCriteriaImpl.List()
   at NHibernate.Impl.MultiCriteriaImpl.GetResult(String key)
   at BWF.DataServices.QueryConverters.NHibernate.QueryExecutor.GetResultsWithCountForCriteria[Tdb](ISession session, IMultiCriteria multiCriteria, Nullable`1 firstResult, Nullable`1 pageSize, BWFQuery bwfQuery, IList`1 aggregateDetails)
   at BWF.DataServices.QueryConverters.NHibernate.QueryExecutor.BWFQuery[Tdb,Tdto](BWFQuery bwfQuery, IEnumerable`1 roleIds)
2018-05-29 12:31:26,515 ERROR - Exception executing query: ReportUser1s?$skip=0&$top=50&$expand=Id - NHibernate.Exceptions.GenericADOException: Failed to execute multi criteria[SQL: ] ---> NHibernate.AssertionFailure: Interceptor.OnPrepareStatement(SqlString) returned null or empty SqlString.
   at NHibernate.AdoNet.AbstractBatcher.GetSQL(SqlString sql)
   at NHibernate.AdoNet.AbstractBatcher.Generate(CommandType type, SqlString sqlString, SqlType[] parameterTypes)
   at NHibernate.AdoNet.AbstractBatcher.PrepareQueryCommand(CommandType type, SqlString sql, SqlType[] parameterTypes)
   at NHibernate.Driver.BasicResultSetsCommand.GetReader(Nullable`1 commandTimeout)
   at NHibernate.Impl.MultiCriteriaImpl.GetResultsFromDatabase(IList results)
   --- End of inner exception stack trace ---
   at NHibernate.Impl.MultiCriteriaImpl.GetResultsFromDatabase(IList results)
   at NHibernate.Impl.MultiCriteriaImpl.List()
   at NHibernate.Impl.MultiCriteriaImpl.GetResult(String key)
   at BWF.DataServices.QueryConverters.NHibernate.QueryExecutor.GetResultsWithCountForCriteria[Tdb](ISession session, IMultiCriteria multiCriteria, Nullable`1 firstResult, Nullable`1 pageSize, BWFQuery bwfQuery, IList`1 aggregateDetails)
   at BWF.DataServices.QueryConverters.NHibernate.QueryExecutor.BWFQuery[Tdb,Tdto](BWFQuery bwfQuery, IEnumerable`1 roleIds)
   at BWF.DataServices.Core.Abstract.DataServiceRepository.BWFQuery[Tdb,Tdto](BWFQuery bwfQuery, String username, IEnumerable`1 roleIds, IEnumerable`1 securedCollectionPropertyExpands, String token)
   at BWF.DataServices.Core.Abstract.RecordType`2.GetResult(ILog log, IDataServiceRepository repository, BWFQuery bwfQuery, Query query, String username, IEnumerable`1 roleIds, IEnumerable`1 collectionPropertyExpands, String token)
2018-05-29 12:31:26,544 ERROR - DataServiceHub Exception: Object reference not set to an instance of an object.
2018-05-29 12:32:56,154 INFO  - Resetting session timeout to enabled
2018-05-29 12:32:56,238 INFO  - Resetting session timeout process to 5 minute interval.
2018-05-29 12:32:57,590 INFO  - The Explorer host is up and running.
2018-05-29 12:32:58,349 INFO  - Data services successfully refreshed for host https://localhost:5555.
2018-05-29 12:33:03,930 INFO  - Personal data actors started
2018-05-29 12:33:24,910 INFO  - User 'admin' has logged on
2018-05-29 12:33:29,759 ERROR - Error executing query: ReportUser1s?$skip=0&$top=50&$expand=Id 
NHibernate.Exceptions.GenericADOException: Failed to execute multi criteria[SQL: ] ---> NHibernate.AssertionFailure: Interceptor.OnPrepareStatement(SqlString) returned null or empty SqlString.
   at NHibernate.AdoNet.AbstractBatcher.GetSQL(SqlString sql)
   at NHibernate.AdoNet.AbstractBatcher.Generate(CommandType type, SqlString sqlString, SqlType[] parameterTypes)
   at NHibernate.AdoNet.AbstractBatcher.PrepareQueryCommand(CommandType type, SqlString sql, SqlType[] parameterTypes)
   at NHibernate.Driver.BasicResultSetsCommand.GetReader(Nullable`1 commandTimeout)
   at NHibernate.Impl.MultiCriteriaImpl.GetResultsFromDatabase(IList results)
   --- End of inner exception stack trace ---
   at NHibernate.Impl.MultiCriteriaImpl.GetResultsFromDatabase(IList results)
   at NHibernate.Impl.MultiCriteriaImpl.List()
   at NHibernate.Impl.MultiCriteriaImpl.GetResult(String key)
   at BWF.DataServices.QueryConverters.NHibernate.QueryExecutor.GetResultsWithCountForCriteria[Tdb](ISession session, IMultiCriteria multiCriteria, Nullable`1 firstResult, Nullable`1 pageSize, BWFQuery bwfQuery, IList`1 aggregateDetails)
   at BWF.DataServices.QueryConverters.NHibernate.QueryExecutor.BWFQuery[Tdb,Tdto](BWFQuery bwfQuery, IEnumerable`1 roleIds)
2018-05-29 12:33:29,799 ERROR - Exception executing query: ReportUser1s?$skip=0&$top=50&$expand=Id - NHibernate.Exceptions.GenericADOException: Failed to execute multi criteria[SQL: ] ---> NHibernate.AssertionFailure: Interceptor.OnPrepareStatement(SqlString) returned null or empty SqlString.
   at NHibernate.AdoNet.AbstractBatcher.GetSQL(SqlString sql)
   at NHibernate.AdoNet.AbstractBatcher.Generate(CommandType type, SqlString sqlString, SqlType[] parameterTypes)
   at NHibernate.AdoNet.AbstractBatcher.PrepareQueryCommand(CommandType type, SqlString sql, SqlType[] parameterTypes)
   at NHibernate.Driver.BasicResultSetsCommand.GetReader(Nullable`1 commandTimeout)
   at NHibernate.Impl.MultiCriteriaImpl.GetResultsFromDatabase(IList results)
   --- End of inner exception stack trace ---
   at NHibernate.Impl.MultiCriteriaImpl.GetResultsFromDatabase(IList results)
   at NHibernate.Impl.MultiCriteriaImpl.List()
   at NHibernate.Impl.MultiCriteriaImpl.GetResult(String key)
   at BWF.DataServices.QueryConverters.NHibernate.QueryExecutor.GetResultsWithCountForCriteria[Tdb](ISession session, IMultiCriteria multiCriteria, Nullable`1 firstResult, Nullable`1 pageSize, BWFQuery bwfQuery, IList`1 aggregateDetails)
   at BWF.DataServices.QueryConverters.NHibernate.QueryExecutor.BWFQuery[Tdb,Tdto](BWFQuery bwfQuery, IEnumerable`1 roleIds)
   at BWF.DataServices.Core.Abstract.DataServiceRepository.BWFQuery[Tdb,Tdto](BWFQuery bwfQuery, String username, IEnumerable`1 roleIds, IEnumerable`1 securedCollectionPropertyExpands, String token)
   at BWF.DataServices.Core.Abstract.RecordType`2.GetResult(ILog log, IDataServiceRepository repository, BWFQuery bwfQuery, Query query, String username, IEnumerable`1 roleIds, IEnumerable`1 collectionPropertyExpands, String token)
2018-05-29 12:33:29,826 ERROR - DataServiceHub Exception: Object reference not set to an instance of an object.
2018-05-29 12:34:28,720 ERROR - Error executing query: ReportUser1s?$skip=0&$top=50&$expand=Id 
NHibernate.Exceptions.GenericADOException: Failed to execute multi criteria[SQL: ] ---> NHibernate.AssertionFailure: Interceptor.OnPrepareStatement(SqlString) returned null or empty SqlString.
   at NHibernate.AdoNet.AbstractBatcher.GetSQL(SqlString sql)
   at NHibernate.AdoNet.AbstractBatcher.Generate(CommandType type, SqlString sqlString, SqlType[] parameterTypes)
   at NHibernate.AdoNet.AbstractBatcher.PrepareQueryCommand(CommandType type, SqlString sql, SqlType[] parameterTypes)
   at NHibernate.Driver.BasicResultSetsCommand.GetReader(Nullable`1 commandTimeout)
   at NHibernate.Impl.MultiCriteriaImpl.GetResultsFromDatabase(IList results)
   --- End of inner exception stack trace ---
   at NHibernate.Impl.MultiCriteriaImpl.GetResultsFromDatabase(IList results)
   at NHibernate.Impl.MultiCriteriaImpl.List()
   at NHibernate.Impl.MultiCriteriaImpl.GetResult(String key)
   at BWF.DataServices.QueryConverters.NHibernate.QueryExecutor.GetResultsWithCountForCriteria[Tdb](ISession session, IMultiCriteria multiCriteria, Nullable`1 firstResult, Nullable`1 pageSize, BWFQuery bwfQuery, IList`1 aggregateDetails)
   at BWF.DataServices.QueryConverters.NHibernate.QueryExecutor.BWFQuery[Tdb,Tdto](BWFQuery bwfQuery, IEnumerable`1 roleIds)
2018-05-29 12:34:28,748 ERROR - Exception executing query: ReportUser1s?$skip=0&$top=50&$expand=Id - NHibernate.Exceptions.GenericADOException: Failed to execute multi criteria[SQL: ] ---> NHibernate.AssertionFailure: Interceptor.OnPrepareStatement(SqlString) returned null or empty SqlString.
   at NHibernate.AdoNet.AbstractBatcher.GetSQL(SqlString sql)
   at NHibernate.AdoNet.AbstractBatcher.Generate(CommandType type, SqlString sqlString, SqlType[] parameterTypes)
   at NHibernate.AdoNet.AbstractBatcher.PrepareQueryCommand(CommandType type, SqlString sql, SqlType[] parameterTypes)
   at NHibernate.Driver.BasicResultSetsCommand.GetReader(Nullable`1 commandTimeout)
   at NHibernate.Impl.MultiCriteriaImpl.GetResultsFromDatabase(IList results)
   --- End of inner exception stack trace ---
   at NHibernate.Impl.MultiCriteriaImpl.GetResultsFromDatabase(IList results)
   at NHibernate.Impl.MultiCriteriaImpl.List()
   at NHibernate.Impl.MultiCriteriaImpl.GetResult(String key)
   at BWF.DataServices.QueryConverters.NHibernate.QueryExecutor.GetResultsWithCountForCriteria[Tdb](ISession session, IMultiCriteria multiCriteria, Nullable`1 firstResult, Nullable`1 pageSize, BWFQuery bwfQuery, IList`1 aggregateDetails)
   at BWF.DataServices.QueryConverters.NHibernate.QueryExecutor.BWFQuery[Tdb,Tdto](BWFQuery bwfQuery, IEnumerable`1 roleIds)
   at BWF.DataServices.Core.Abstract.DataServiceRepository.BWFQuery[Tdb,Tdto](BWFQuery bwfQuery, String username, IEnumerable`1 roleIds, IEnumerable`1 securedCollectionPropertyExpands, String token)
   at BWF.DataServices.Core.Abstract.RecordType`2.GetResult(ILog log, IDataServiceRepository repository, BWFQuery bwfQuery, Query query, String username, IEnumerable`1 roleIds, IEnumerable`1 collectionPropertyExpands, String token)
2018-05-29 12:34:28,773 ERROR - DataServiceHub Exception: Object reference not set to an instance of an object.
2018-05-29 16:00:33,127 INFO  - Resetting session timeout to enabled
2018-05-29 16:01:07,574 INFO  - Resetting session timeout process to 5 minute interval.
2018-05-29 16:01:09,209 INFO  - The Explorer host is up and running.
2018-05-29 16:01:09,977 INFO  - Data services successfully refreshed for host https://localhost:5555.
2018-05-29 16:01:15,624 INFO  - Personal data actors started
2018-05-29 16:01:22,957 INFO  - User 'admin' has logged on
2018-05-29 16:01:54,811 ERROR - Error executing query: ReportUser1s?$skip=0&$top=50&$expand=Id 
NHibernate.Exceptions.GenericADOException: Failed to execute multi criteria[SQL: ] ---> NHibernate.AssertionFailure: Interceptor.OnPrepareStatement(SqlString) returned null or empty SqlString.
   at NHibernate.AdoNet.AbstractBatcher.GetSQL(SqlString sql)
   at NHibernate.AdoNet.AbstractBatcher.Generate(CommandType type, SqlString sqlString, SqlType[] parameterTypes)
   at NHibernate.AdoNet.AbstractBatcher.PrepareQueryCommand(CommandType type, SqlString sql, SqlType[] parameterTypes)
   at NHibernate.Driver.BasicResultSetsCommand.GetReader(Nullable`1 commandTimeout)
   at NHibernate.Impl.MultiCriteriaImpl.GetResultsFromDatabase(IList results)
   --- End of inner exception stack trace ---
   at NHibernate.Impl.MultiCriteriaImpl.GetResultsFromDatabase(IList results)
   at NHibernate.Impl.MultiCriteriaImpl.List()
   at NHibernate.Impl.MultiCriteriaImpl.GetResult(String key)
   at BWF.DataServices.QueryConverters.NHibernate.QueryExecutor.GetResultsWithCountForCriteria[Tdb](ISession session, IMultiCriteria multiCriteria, Nullable`1 firstResult, Nullable`1 pageSize, BWFQuery bwfQuery, IList`1 aggregateDetails)
   at BWF.DataServices.QueryConverters.NHibernate.QueryExecutor.BWFQuery[Tdb,Tdto](BWFQuery bwfQuery, IEnumerable`1 roleIds)
2018-05-29 16:01:54,856 ERROR - Exception executing query: ReportUser1s?$skip=0&$top=50&$expand=Id - NHibernate.Exceptions.GenericADOException: Failed to execute multi criteria[SQL: ] ---> NHibernate.AssertionFailure: Interceptor.OnPrepareStatement(SqlString) returned null or empty SqlString.
   at NHibernate.AdoNet.AbstractBatcher.GetSQL(SqlString sql)
   at NHibernate.AdoNet.AbstractBatcher.Generate(CommandType type, SqlString sqlString, SqlType[] parameterTypes)
   at NHibernate.AdoNet.AbstractBatcher.PrepareQueryCommand(CommandType type, SqlString sql, SqlType[] parameterTypes)
   at NHibernate.Driver.BasicResultSetsCommand.GetReader(Nullable`1 commandTimeout)
   at NHibernate.Impl.MultiCriteriaImpl.GetResultsFromDatabase(IList results)
   --- End of inner exception stack trace ---
   at NHibernate.Impl.MultiCriteriaImpl.GetResultsFromDatabase(IList results)
   at NHibernate.Impl.MultiCriteriaImpl.List()
   at NHibernate.Impl.MultiCriteriaImpl.GetResult(String key)
   at BWF.DataServices.QueryConverters.NHibernate.QueryExecutor.GetResultsWithCountForCriteria[Tdb](ISession session, IMultiCriteria multiCriteria, Nullable`1 firstResult, Nullable`1 pageSize, BWFQuery bwfQuery, IList`1 aggregateDetails)
   at BWF.DataServices.QueryConverters.NHibernate.QueryExecutor.BWFQuery[Tdb,Tdto](BWFQuery bwfQuery, IEnumerable`1 roleIds)
   at BWF.DataServices.Core.Abstract.DataServiceRepository.BWFQuery[Tdb,Tdto](BWFQuery bwfQuery, String username, IEnumerable`1 roleIds, IEnumerable`1 securedCollectionPropertyExpands, String token)
   at BWF.DataServices.Core.Abstract.RecordType`2.GetResult(ILog log, IDataServiceRepository repository, BWFQuery bwfQuery, Query query, String username, IEnumerable`1 roleIds, IEnumerable`1 collectionPropertyExpands, String token)
2018-05-29 16:01:54,883 ERROR - DataServiceHub Exception: Object reference not set to an instance of an object.
2018-05-29 16:07:03,225 INFO  - User 'admin' has logged off
2018-05-29 16:10:03,895 INFO  - Resetting session timeout to enabled
2018-05-29 16:10:03,963 INFO  - Resetting session timeout process to 5 minute interval.
2018-05-29 16:10:05,270 INFO  - The Explorer host is up and running.
2018-05-29 16:10:05,988 INFO  - Data services successfully refreshed for host https://localhost:5555.
2018-05-29 16:10:11,544 INFO  - Personal data actors started
2018-05-29 16:10:26,435 INFO  - User 'admin' has logged on
2018-05-29 16:10:38,285 ERROR - Error executing query: ReportUser1s?$skip=0&$top=50&$expand=Id 
NHibernate.Exceptions.GenericADOException: Failed to execute multi criteria[SQL: ] ---> NHibernate.AssertionFailure: Interceptor.OnPrepareStatement(SqlString) returned null or empty SqlString.
   at NHibernate.AdoNet.AbstractBatcher.GetSQL(SqlString sql)
   at NHibernate.AdoNet.AbstractBatcher.Generate(CommandType type, SqlString sqlString, SqlType[] parameterTypes)
   at NHibernate.AdoNet.AbstractBatcher.PrepareQueryCommand(CommandType type, SqlString sql, SqlType[] parameterTypes)
   at NHibernate.Driver.BasicResultSetsCommand.GetReader(Nullable`1 commandTimeout)
   at NHibernate.Impl.MultiCriteriaImpl.GetResultsFromDatabase(IList results)
   --- End of inner exception stack trace ---
   at NHibernate.Impl.MultiCriteriaImpl.GetResultsFromDatabase(IList results)
   at NHibernate.Impl.MultiCriteriaImpl.List()
   at NHibernate.Impl.MultiCriteriaImpl.GetResult(String key)
   at BWF.DataServices.QueryConverters.NHibernate.QueryExecutor.GetResultsWithCountForCriteria[Tdb](ISession session, IMultiCriteria multiCriteria, Nullable`1 firstResult, Nullable`1 pageSize, BWFQuery bwfQuery, IList`1 aggregateDetails)
   at BWF.DataServices.QueryConverters.NHibernate.QueryExecutor.BWFQuery[Tdb,Tdto](BWFQuery bwfQuery, IEnumerable`1 roleIds)
2018-05-29 16:10:38,334 ERROR - Exception executing query: ReportUser1s?$skip=0&$top=50&$expand=Id - NHibernate.Exceptions.GenericADOException: Failed to execute multi criteria[SQL: ] ---> NHibernate.AssertionFailure: Interceptor.OnPrepareStatement(SqlString) returned null or empty SqlString.
   at NHibernate.AdoNet.AbstractBatcher.GetSQL(SqlString sql)
   at NHibernate.AdoNet.AbstractBatcher.Generate(CommandType type, SqlString sqlString, SqlType[] parameterTypes)
   at NHibernate.AdoNet.AbstractBatcher.PrepareQueryCommand(CommandType type, SqlString sql, SqlType[] parameterTypes)
   at NHibernate.Driver.BasicResultSetsCommand.GetReader(Nullable`1 commandTimeout)
   at NHibernate.Impl.MultiCriteriaImpl.GetResultsFromDatabase(IList results)
   --- End of inner exception stack trace ---
   at NHibernate.Impl.MultiCriteriaImpl.GetResultsFromDatabase(IList results)
   at NHibernate.Impl.MultiCriteriaImpl.List()
   at NHibernate.Impl.MultiCriteriaImpl.GetResult(String key)
   at BWF.DataServices.QueryConverters.NHibernate.QueryExecutor.GetResultsWithCountForCriteria[Tdb](ISession session, IMultiCriteria multiCriteria, Nullable`1 firstResult, Nullable`1 pageSize, BWFQuery bwfQuery, IList`1 aggregateDetails)
   at BWF.DataServices.QueryConverters.NHibernate.QueryExecutor.BWFQuery[Tdb,Tdto](BWFQuery bwfQuery, IEnumerable`1 roleIds)
   at BWF.DataServices.Core.Abstract.DataServiceRepository.BWFQuery[Tdb,Tdto](BWFQuery bwfQuery, String username, IEnumerable`1 roleIds, IEnumerable`1 securedCollectionPropertyExpands, String token)
   at BWF.DataServices.Core.Abstract.RecordType`2.GetResult(ILog log, IDataServiceRepository repository, BWFQuery bwfQuery, Query query, String username, IEnumerable`1 roleIds, IEnumerable`1 collectionPropertyExpands, String token)
2018-05-29 16:10:38,362 ERROR - DataServiceHub Exception: Object reference not set to an instance of an object.
2018-05-29 16:13:28,989 INFO  - Resetting session timeout to enabled
2018-05-29 16:13:29,060 INFO  - Resetting session timeout process to 5 minute interval.
2018-05-29 16:13:30,317 INFO  - The Explorer host is up and running.
2018-05-29 16:13:31,044 INFO  - Data services successfully refreshed for host https://localhost:5555.
2018-05-29 16:13:36,522 INFO  - Personal data actors started
2018-05-29 16:17:12,765 INFO  - Resetting session timeout to enabled
2018-05-29 16:20:38,314 INFO  - Resetting session timeout to enabled
2018-05-29 16:20:38,388 INFO  - Resetting session timeout process to 5 minute interval.
2018-05-29 16:20:39,668 INFO  - The Explorer host is up and running.
2018-05-29 16:20:40,426 INFO  - Data services successfully refreshed for host https://localhost:5555.
2018-05-29 16:20:45,941 INFO  - Personal data actors started
2018-05-29 16:21:00,448 INFO  - User 'admin' has logged on
2018-05-29 16:30:32,492 INFO  - Resetting session timeout to enabled
2018-05-29 16:30:32,562 INFO  - Resetting session timeout process to 5 minute interval.
2018-05-29 16:30:33,857 INFO  - The Explorer host is up and running.
2018-05-29 16:30:34,607 INFO  - Data services successfully refreshed for host https://localhost:5555.
2018-05-29 16:32:10,856 INFO  - User 'admin' has logged on
2018-05-29 16:33:25,515 INFO  - Resetting session timeout to enabled
2018-05-29 16:33:25,586 INFO  - Resetting session timeout process to 5 minute interval.
2018-05-29 16:33:26,828 INFO  - The Explorer host is up and running.
2018-05-29 16:33:27,585 INFO  - Data services successfully refreshed for host https://localhost:5555.
2018-05-29 16:34:42,618 INFO  - User 'admin' has logged on
2018-05-29 16:37:38,775 INFO  - Resetting session timeout to enabled
2018-05-29 16:37:38,852 INFO  - Resetting session timeout process to 5 minute interval.
2018-05-29 16:37:40,123 INFO  - The Explorer host is up and running.
2018-05-29 16:37:40,877 INFO  - Data services successfully refreshed for host https://localhost:5555.
2018-05-29 16:37:46,507 INFO  - Personal data actors started
2018-05-29 16:38:03,141 INFO  - User 'admin' has logged on
2018-05-29 16:40:30,276 INFO  - Query message received by PersonalDataQueryTaskActor: 854306977; 77
2018-05-29 16:40:30,745 INFO  - Query message received by PersonalDataSubTaskActor: 477904083; 77-Membership
2018-05-29 16:40:30,750 INFO  - Query message received by PersonalDataSubTaskActor: 2050778842; 77-Bcr
2018-05-29 16:40:30,750 INFO  - Query message received by PersonalDataSubTaskActor: 1139670662; 77-Explorer
2018-05-29 16:40:32,331 INFO  - Subtask finished message received by PersonalDataQueryTaskActor: 854306977; 77
2018-05-29 16:40:32,959 INFO  - Subtask finished message received by PersonalDataQueryTaskActor: 854306977; 77
2018-05-29 16:40:33,254 INFO  - Subtask finished message received by PersonalDataQueryTaskActor: 854306977; 77
2018-05-29 16:41:10,781 INFO  - Query message received by PersonalDataQueryTaskActor: 854306977; 78
2018-05-29 16:41:11,214 INFO  - Query message received by PersonalDataSubTaskActor: 477904083; 78-Membership
2018-05-29 16:41:11,214 INFO  - Query message received by PersonalDataSubTaskActor: 1139670662; 78-Explorer
2018-05-29 16:41:11,214 INFO  - Query message received by PersonalDataSubTaskActor: 2050778842; 78-Bcr
2018-05-29 16:41:12,728 INFO  - Subtask finished message received by PersonalDataQueryTaskActor: 854306977; 78
2018-05-29 16:41:12,943 INFO  - Subtask finished message received by PersonalDataQueryTaskActor: 854306977; 78
2018-05-29 16:41:13,373 INFO  - Subtask finished message received by PersonalDataQueryTaskActor: 854306977; 78
2018-05-29 16:42:44,165 INFO  - Erase message received by PersonalDataEraseTaskActor: 1782228882; 78
2018-05-29 16:42:44,828 INFO  - Query message received by PersonalDataEraseSubTaskActor: 548983288; 78-Bcr
2018-05-29 16:42:45,988 INFO  - Subtask finished message received by PersonalDataEraseTaskActor: 1782228882; 78
2018-05-29 17:17:41,361 INFO  - Resetting session timeout to enabled
2018-05-29 17:17:41,491 INFO  - Resetting session timeout process to 5 minute interval.
2018-05-29 17:17:43,086 INFO  - The Explorer host is up and running.
2018-05-29 17:17:43,869 INFO  - Data services successfully refreshed for host https://localhost:5555.
2018-05-29 17:17:49,586 INFO  - Personal data actors started
2018-05-29 17:18:07,461 INFO  - User 'admin' has logged on
2018-05-29 17:25:17,214 INFO  - User 'admin' has logged off
