2018-05-30 17:21:58,237 INFO  - Resetting session timeout to enabled
2018-05-30 17:21:58,389 INFO  - Resetting session timeout process to 5 minute interval.
2018-05-30 17:22:00,310 INFO  - The Explorer host is up and running.
2018-05-30 17:22:01,188 INFO  - Data services successfully refreshed for host https://localhost:5555.
2018-05-30 17:22:07,201 INFO  - Personal data actors started
2018-05-30 17:24:05,712 INFO  - User 'admin' has logged on
2018-05-30 17:28:20,010 ERROR - Error executing query: ReportContact1s?$skip=0&$top=50 
NHibernate.Exceptions.GenericADOException: Failed to execute multi criteria[SQL: SELECT TOP (?) this_.id as id58_0_, this_.lContactId as lContactId58_0_, this_.lContactDetailId as lContact3_58_0_, this_.sContact as sContact58_0_, this_.sDescription as sDescrip5_58_0_, this_.sApplicationUser as sApplica6_58_0_, this_.sISActive as sISActive58_0_, this_.sContactSalutation as sContact8_58_0_, this_.sFirstName as sFirstName58_0_, this_.sMiddleName as sMiddle10_58_0_, this_.sLastName as sLastName58_0_, this_.sSuffix as sSuffix58_0_, this_.sTitle as sTitle58_0_, this_.sNickName as sNickName58_0_, this_.sAddressLine1 as sAddres15_58_0_, this_.sAddressLine2 as sAddres16_58_0_, this_.sAddressLine3 as sAddres17_58_0_, this_.sEmail1 as sEmail18_58_0_, this_.sEmail2 as sEmail19_58_0_, this_.sPhoneMain as sPhoneMain58_0_, this_.sPhoneOffice as sPhoneO21_58_0_, this_.sPhoneMobile as sPhoneM22_58_0_, this_.sPhoneHome as sPhoneHome58_0_, this_.sPhoneFax as sPhoneFax58_0_, this_.sPhonePager as sPhoneP25_58_0_, this_.sPhoneTelex as sPhoneT26_58_0_, this_.sPhoneTelexAnswerBack as sPhoneT27_58_0_ FROM dbo.ReportContact1 this_;
SELECT count(*) as y0_ FROM dbo.ReportContact1 this_;
] ---> System.Data.SqlClient.SqlException: Invalid column name 'id'.
   at System.Data.SqlClient.SqlConnection.OnError(SqlException exception, Boolean breakConnection, Action`1 wrapCloseInAction)
   at System.Data.SqlClient.SqlInternalConnection.OnError(SqlException exception, Boolean breakConnection, Action`1 wrapCloseInAction)
   at System.Data.SqlClient.TdsParser.ThrowExceptionAndWarning(TdsParserStateObject stateObj, Boolean callerHasConnectionLock, Boolean asyncClose)
   at System.Data.SqlClient.TdsParser.TryRun(RunBehavior runBehavior, SqlCommand cmdHandler, SqlDataReader dataStream, BulkCopySimpleResultSet bulkCopyHandler, TdsParserStateObject stateObj, Boolean& dataReady)
   at System.Data.SqlClient.SqlDataReader.TryConsumeMetaData()
   at System.Data.SqlClient.SqlDataReader.get_MetaData()
   at System.Data.SqlClient.SqlCommand.FinishExecuteReader(SqlDataReader ds, RunBehavior runBehavior, String resetOptionsString, Boolean isInternal, Boolean forDescribeParameterEncryption, Boolean shouldCacheForAlwaysEncrypted)
   at System.Data.SqlClient.SqlCommand.RunExecuteReaderTds(CommandBehavior cmdBehavior, RunBehavior runBehavior, Boolean returnStream, Boolean async, Int32 timeout, Task& task, Boolean asyncWrite, Boolean inRetry, SqlDataReader ds, Boolean describeParameterEncryptionRequest)
   at System.Data.SqlClient.SqlCommand.RunExecuteReader(CommandBehavior cmdBehavior, RunBehavior runBehavior, Boolean returnStream, String method, TaskCompletionSource`1 completion, Int32 timeout, Task& task, Boolean& usedCache, Boolean asyncWrite, Boolean inRetry)
   at System.Data.SqlClient.SqlCommand.RunExecuteReader(CommandBehavior cmdBehavior, RunBehavior runBehavior, Boolean returnStream, String method)
   at System.Data.SqlClient.SqlCommand.ExecuteReader(CommandBehavior behavior, String method)
   at System.Data.SqlClient.SqlCommand.ExecuteDbDataReader(CommandBehavior behavior)
   at System.Data.Common.DbCommand.System.Data.IDbCommand.ExecuteReader()
   at NHibernate.AdoNet.AbstractBatcher.ExecuteReader(IDbCommand cmd)
   at NHibernate.Driver.BatcherDataReaderWrapper..ctor(IBatcher batcher, IDbCommand command)
   at NHibernate.Driver.BasicResultSetsCommand.GetReader(Nullable`1 commandTimeout)
   at NHibernate.Impl.MultiCriteriaImpl.GetResultsFromDatabase(IList results)
   --- End of inner exception stack trace ---
   at NHibernate.Impl.MultiCriteriaImpl.GetResultsFromDatabase(IList results)
   at NHibernate.Impl.MultiCriteriaImpl.List()
   at NHibernate.Impl.MultiCriteriaImpl.GetResult(String key)
   at BWF.DataServices.QueryConverters.NHibernate.QueryExecutor.GetResultsWithCountForCriteria[Tdb](ISession session, IMultiCriteria multiCriteria, Nullable`1 firstResult, Nullable`1 pageSize, BWFQuery bwfQuery, IList`1 aggregateDetails)
   at BWF.DataServices.QueryConverters.NHibernate.QueryExecutor.BWFQuery[Tdb,Tdto](BWFQuery bwfQuery, IEnumerable`1 roleIds)
2018-05-30 17:28:20,071 ERROR - Exception executing query: ReportContact1s?$skip=0&$top=50 - NHibernate.Exceptions.GenericADOException: Failed to execute multi criteria[SQL: SELECT TOP (?) this_.id as id58_0_, this_.lContactId as lContactId58_0_, this_.lContactDetailId as lContact3_58_0_, this_.sContact as sContact58_0_, this_.sDescription as sDescrip5_58_0_, this_.sApplicationUser as sApplica6_58_0_, this_.sISActive as sISActive58_0_, this_.sContactSalutation as sContact8_58_0_, this_.sFirstName as sFirstName58_0_, this_.sMiddleName as sMiddle10_58_0_, this_.sLastName as sLastName58_0_, this_.sSuffix as sSuffix58_0_, this_.sTitle as sTitle58_0_, this_.sNickName as sNickName58_0_, this_.sAddressLine1 as sAddres15_58_0_, this_.sAddressLine2 as sAddres16_58_0_, this_.sAddressLine3 as sAddres17_58_0_, this_.sEmail1 as sEmail18_58_0_, this_.sEmail2 as sEmail19_58_0_, this_.sPhoneMain as sPhoneMain58_0_, this_.sPhoneOffice as sPhoneO21_58_0_, this_.sPhoneMobile as sPhoneM22_58_0_, this_.sPhoneHome as sPhoneHome58_0_, this_.sPhoneFax as sPhoneFax58_0_, this_.sPhonePager as sPhoneP25_58_0_, this_.sPhoneTelex as sPhoneT26_58_0_, this_.sPhoneTelexAnswerBack as sPhoneT27_58_0_ FROM dbo.ReportContact1 this_;
SELECT count(*) as y0_ FROM dbo.ReportContact1 this_;
] ---> System.Data.SqlClient.SqlException: Invalid column name 'id'.
   at System.Data.SqlClient.SqlConnection.OnError(SqlException exception, Boolean breakConnection, Action`1 wrapCloseInAction)
   at System.Data.SqlClient.SqlInternalConnection.OnError(SqlException exception, Boolean breakConnection, Action`1 wrapCloseInAction)
   at System.Data.SqlClient.TdsParser.ThrowExceptionAndWarning(TdsParserStateObject stateObj, Boolean callerHasConnectionLock, Boolean asyncClose)
   at System.Data.SqlClient.TdsParser.TryRun(RunBehavior runBehavior, SqlCommand cmdHandler, SqlDataReader dataStream, BulkCopySimpleResultSet bulkCopyHandler, TdsParserStateObject stateObj, Boolean& dataReady)
   at System.Data.SqlClient.SqlDataReader.TryConsumeMetaData()
   at System.Data.SqlClient.SqlDataReader.get_MetaData()
   at System.Data.SqlClient.SqlCommand.FinishExecuteReader(SqlDataReader ds, RunBehavior runBehavior, String resetOptionsString, Boolean isInternal, Boolean forDescribeParameterEncryption, Boolean shouldCacheForAlwaysEncrypted)
   at System.Data.SqlClient.SqlCommand.RunExecuteReaderTds(CommandBehavior cmdBehavior, RunBehavior runBehavior, Boolean returnStream, Boolean async, Int32 timeout, Task& task, Boolean asyncWrite, Boolean inRetry, SqlDataReader ds, Boolean describeParameterEncryptionRequest)
   at System.Data.SqlClient.SqlCommand.RunExecuteReader(CommandBehavior cmdBehavior, RunBehavior runBehavior, Boolean returnStream, String method, TaskCompletionSource`1 completion, Int32 timeout, Task& task, Boolean& usedCache, Boolean asyncWrite, Boolean inRetry)
   at System.Data.SqlClient.SqlCommand.RunExecuteReader(CommandBehavior cmdBehavior, RunBehavior runBehavior, Boolean returnStream, String method)
   at System.Data.SqlClient.SqlCommand.ExecuteReader(CommandBehavior behavior, String method)
   at System.Data.SqlClient.SqlCommand.ExecuteDbDataReader(CommandBehavior behavior)
   at System.Data.Common.DbCommand.System.Data.IDbCommand.ExecuteReader()
   at NHibernate.AdoNet.AbstractBatcher.ExecuteReader(IDbCommand cmd)
   at NHibernate.Driver.BatcherDataReaderWrapper..ctor(IBatcher batcher, IDbCommand command)
   at NHibernate.Driver.BasicResultSetsCommand.GetReader(Nullable`1 commandTimeout)
   at NHibernate.Impl.MultiCriteriaImpl.GetResultsFromDatabase(IList results)
   --- End of inner exception stack trace ---
   at NHibernate.Impl.MultiCriteriaImpl.GetResultsFromDatabase(IList results)
   at NHibernate.Impl.MultiCriteriaImpl.List()
   at NHibernate.Impl.MultiCriteriaImpl.GetResult(String key)
   at BWF.DataServices.QueryConverters.NHibernate.QueryExecutor.GetResultsWithCountForCriteria[Tdb](ISession session, IMultiCriteria multiCriteria, Nullable`1 firstResult, Nullable`1 pageSize, BWFQuery bwfQuery, IList`1 aggregateDetails)
   at BWF.DataServices.QueryConverters.NHibernate.QueryExecutor.BWFQuery[Tdb,Tdto](BWFQuery bwfQuery, IEnumerable`1 roleIds)
   at BWF.DataServices.Core.Abstract.DataServiceRepository.BWFQuery[Tdb,Tdto](BWFQuery bwfQuery, String username, IEnumerable`1 roleIds, IEnumerable`1 securedCollectionPropertyExpands, String token)
   at BWF.DataServices.Core.Abstract.RecordType`2.GetResult(ILog log, IDataServiceRepository repository, BWFQuery bwfQuery, Query query, String username, IEnumerable`1 roleIds, IEnumerable`1 collectionPropertyExpands, String token)
2018-05-30 17:28:20,111 ERROR - DataServiceHub Exception: Object reference not set to an instance of an object.
2018-05-30 18:24:55,005 INFO  - Resetting session timeout to enabled
2018-05-30 18:24:55,079 INFO  - Resetting session timeout process to 5 minute interval.
2018-05-30 18:24:56,398 INFO  - The Explorer host is up and running.
2018-05-30 18:24:57,225 INFO  - Data services successfully refreshed for host https://localhost:5555.
2018-05-30 18:25:03,270 INFO  - Personal data actors started
2018-05-30 18:27:36,024 INFO  - User 'admin' has logged on
2018-05-30 18:27:56,143 ERROR - Error executing query: ReportContact1s?$skip=0&$top=50&$expand=Id,ContactId 
NHibernate.Exceptions.GenericADOException: Failed to execute multi criteria[SQL: SELECT TOP (?) this_.ContactId as ContactId58_0_, this_.ContactDetailId as ContactD2_58_0_, this_.sContact as sContact58_0_, this_.sDescription as sDescrip4_58_0_, this_.sApplicationUser as sApplica5_58_0_, this_.sISActive as sISActive58_0_, this_.sContactSalutation as sContact7_58_0_, this_.sFirstName as sFirstName58_0_, this_.sMiddleName as sMiddleN9_58_0_, this_.sLastName as sLastName58_0_, this_.sSuffix as sSuffix58_0_, this_.sTitle as sTitle58_0_, this_.sNickName as sNickName58_0_, this_.sAddressLine1 as sAddres14_58_0_, this_.sAddressLine2 as sAddres15_58_0_, this_.sAddressLine3 as sAddres16_58_0_, this_.sEmail1 as sEmail17_58_0_, this_.sEmail2 as sEmail18_58_0_, this_.sPhoneMain as sPhoneMain58_0_, this_.sPhoneOffice as sPhoneO20_58_0_, this_.sPhoneMobile as sPhoneM21_58_0_, this_.sPhoneHome as sPhoneHome58_0_, this_.sPhoneFax as sPhoneFax58_0_, this_.sPhonePager as sPhoneP24_58_0_, this_.sPhoneTelex as sPhoneT25_58_0_, this_.sPhoneTelexAnswerBack as sPhoneT26_58_0_, CONCAT(CONCAT(this_.ContactId,';'),this_.ContactDetailId) as formula0_0_ FROM dbo.ReportContact1 this_ ORDER BY (case when CONCAT(CONCAT(this_.ContactId,';'),this_.ContactDetailId) is null then ? else ? end) asc, CONCAT(CONCAT(this_.ContactId,';'),this_.ContactDetailId) asc, (case when this_.ContactId is null then ? else ? end) asc, this_.ContactId asc;
SELECT count(*) as y0_ FROM dbo.ReportContact1 this_;
] ---> System.Data.SqlClient.SqlException: Invalid column name 'ContactId'.
Invalid column name 'ContactDetailId'.
Invalid column name 'ContactId'.
Invalid column name 'ContactDetailId'.
Invalid column name 'ContactId'.
Invalid column name 'ContactDetailId'.
Invalid column name 'ContactId'.
Invalid column name 'ContactDetailId'.
Invalid column name 'ContactId'.
Invalid column name 'ContactId'.
   at System.Data.SqlClient.SqlConnection.OnError(SqlException exception, Boolean breakConnection, Action`1 wrapCloseInAction)
   at System.Data.SqlClient.SqlInternalConnection.OnError(SqlException exception, Boolean breakConnection, Action`1 wrapCloseInAction)
   at System.Data.SqlClient.TdsParser.ThrowExceptionAndWarning(TdsParserStateObject stateObj, Boolean callerHasConnectionLock, Boolean asyncClose)
   at System.Data.SqlClient.TdsParser.TryRun(RunBehavior runBehavior, SqlCommand cmdHandler, SqlDataReader dataStream, BulkCopySimpleResultSet bulkCopyHandler, TdsParserStateObject stateObj, Boolean& dataReady)
   at System.Data.SqlClient.SqlDataReader.TryConsumeMetaData()
   at System.Data.SqlClient.SqlDataReader.get_MetaData()
   at System.Data.SqlClient.SqlCommand.FinishExecuteReader(SqlDataReader ds, RunBehavior runBehavior, String resetOptionsString, Boolean isInternal, Boolean forDescribeParameterEncryption, Boolean shouldCacheForAlwaysEncrypted)
   at System.Data.SqlClient.SqlCommand.RunExecuteReaderTds(CommandBehavior cmdBehavior, RunBehavior runBehavior, Boolean returnStream, Boolean async, Int32 timeout, Task& task, Boolean asyncWrite, Boolean inRetry, SqlDataReader ds, Boolean describeParameterEncryptionRequest)
   at System.Data.SqlClient.SqlCommand.RunExecuteReader(CommandBehavior cmdBehavior, RunBehavior runBehavior, Boolean returnStream, String method, TaskCompletionSource`1 completion, Int32 timeout, Task& task, Boolean& usedCache, Boolean asyncWrite, Boolean inRetry)
   at System.Data.SqlClient.SqlCommand.RunExecuteReader(CommandBehavior cmdBehavior, RunBehavior runBehavior, Boolean returnStream, String method)
   at System.Data.SqlClient.SqlCommand.ExecuteReader(CommandBehavior behavior, String method)
   at System.Data.SqlClient.SqlCommand.ExecuteDbDataReader(CommandBehavior behavior)
   at System.Data.Common.DbCommand.System.Data.IDbCommand.ExecuteReader()
   at NHibernate.AdoNet.AbstractBatcher.ExecuteReader(IDbCommand cmd)
   at NHibernate.Driver.BatcherDataReaderWrapper..ctor(IBatcher batcher, IDbCommand command)
   at NHibernate.Driver.BasicResultSetsCommand.GetReader(Nullable`1 commandTimeout)
   at NHibernate.Impl.MultiCriteriaImpl.GetResultsFromDatabase(IList results)
   --- End of inner exception stack trace ---
   at NHibernate.Impl.MultiCriteriaImpl.GetResultsFromDatabase(IList results)
   at NHibernate.Impl.MultiCriteriaImpl.List()
   at NHibernate.Impl.MultiCriteriaImpl.GetResult(String key)
   at BWF.DataServices.QueryConverters.NHibernate.QueryExecutor.GetResultsWithCountForCriteria[Tdb](ISession session, IMultiCriteria multiCriteria, Nullable`1 firstResult, Nullable`1 pageSize, BWFQuery bwfQuery, IList`1 aggregateDetails)
   at BWF.DataServices.QueryConverters.NHibernate.QueryExecutor.BWFQuery[Tdb,Tdto](BWFQuery bwfQuery, IEnumerable`1 roleIds)
2018-05-30 18:27:56,194 ERROR - Exception executing query: ReportContact1s?$skip=0&$top=50&$expand=Id,ContactId - NHibernate.Exceptions.GenericADOException: Failed to execute multi criteria[SQL: SELECT TOP (?) this_.ContactId as ContactId58_0_, this_.ContactDetailId as ContactD2_58_0_, this_.sContact as sContact58_0_, this_.sDescription as sDescrip4_58_0_, this_.sApplicationUser as sApplica5_58_0_, this_.sISActive as sISActive58_0_, this_.sContactSalutation as sContact7_58_0_, this_.sFirstName as sFirstName58_0_, this_.sMiddleName as sMiddleN9_58_0_, this_.sLastName as sLastName58_0_, this_.sSuffix as sSuffix58_0_, this_.sTitle as sTitle58_0_, this_.sNickName as sNickName58_0_, this_.sAddressLine1 as sAddres14_58_0_, this_.sAddressLine2 as sAddres15_58_0_, this_.sAddressLine3 as sAddres16_58_0_, this_.sEmail1 as sEmail17_58_0_, this_.sEmail2 as sEmail18_58_0_, this_.sPhoneMain as sPhoneMain58_0_, this_.sPhoneOffice as sPhoneO20_58_0_, this_.sPhoneMobile as sPhoneM21_58_0_, this_.sPhoneHome as sPhoneHome58_0_, this_.sPhoneFax as sPhoneFax58_0_, this_.sPhonePager as sPhoneP24_58_0_, this_.sPhoneTelex as sPhoneT25_58_0_, this_.sPhoneTelexAnswerBack as sPhoneT26_58_0_, CONCAT(CONCAT(this_.ContactId,';'),this_.ContactDetailId) as formula0_0_ FROM dbo.ReportContact1 this_ ORDER BY (case when CONCAT(CONCAT(this_.ContactId,';'),this_.ContactDetailId) is null then ? else ? end) asc, CONCAT(CONCAT(this_.ContactId,';'),this_.ContactDetailId) asc, (case when this_.ContactId is null then ? else ? end) asc, this_.ContactId asc;
SELECT count(*) as y0_ FROM dbo.ReportContact1 this_;
] ---> System.Data.SqlClient.SqlException: Invalid column name 'ContactId'.
Invalid column name 'ContactDetailId'.
Invalid column name 'ContactId'.
Invalid column name 'ContactDetailId'.
Invalid column name 'ContactId'.
Invalid column name 'ContactDetailId'.
Invalid column name 'ContactId'.
Invalid column name 'ContactDetailId'.
Invalid column name 'ContactId'.
Invalid column name 'ContactId'.
   at System.Data.SqlClient.SqlConnection.OnError(SqlException exception, Boolean breakConnection, Action`1 wrapCloseInAction)
   at System.Data.SqlClient.SqlInternalConnection.OnError(SqlException exception, Boolean breakConnection, Action`1 wrapCloseInAction)
   at System.Data.SqlClient.TdsParser.ThrowExceptionAndWarning(TdsParserStateObject stateObj, Boolean callerHasConnectionLock, Boolean asyncClose)
   at System.Data.SqlClient.TdsParser.TryRun(RunBehavior runBehavior, SqlCommand cmdHandler, SqlDataReader dataStream, BulkCopySimpleResultSet bulkCopyHandler, TdsParserStateObject stateObj, Boolean& dataReady)
   at System.Data.SqlClient.SqlDataReader.TryConsumeMetaData()
   at System.Data.SqlClient.SqlDataReader.get_MetaData()
   at System.Data.SqlClient.SqlCommand.FinishExecuteReader(SqlDataReader ds, RunBehavior runBehavior, String resetOptionsString, Boolean isInternal, Boolean forDescribeParameterEncryption, Boolean shouldCacheForAlwaysEncrypted)
   at System.Data.SqlClient.SqlCommand.RunExecuteReaderTds(CommandBehavior cmdBehavior, RunBehavior runBehavior, Boolean returnStream, Boolean async, Int32 timeout, Task& task, Boolean asyncWrite, Boolean inRetry, SqlDataReader ds, Boolean describeParameterEncryptionRequest)
   at System.Data.SqlClient.SqlCommand.RunExecuteReader(CommandBehavior cmdBehavior, RunBehavior runBehavior, Boolean returnStream, String method, TaskCompletionSource`1 completion, Int32 timeout, Task& task, Boolean& usedCache, Boolean asyncWrite, Boolean inRetry)
   at System.Data.SqlClient.SqlCommand.RunExecuteReader(CommandBehavior cmdBehavior, RunBehavior runBehavior, Boolean returnStream, String method)
   at System.Data.SqlClient.SqlCommand.ExecuteReader(CommandBehavior behavior, String method)
   at System.Data.SqlClient.SqlCommand.ExecuteDbDataReader(CommandBehavior behavior)
   at System.Data.Common.DbCommand.System.Data.IDbCommand.ExecuteReader()
   at NHibernate.AdoNet.AbstractBatcher.ExecuteReader(IDbCommand cmd)
   at NHibernate.Driver.BatcherDataReaderWrapper..ctor(IBatcher batcher, IDbCommand command)
   at NHibernate.Driver.BasicResultSetsCommand.GetReader(Nullable`1 commandTimeout)
   at NHibernate.Impl.MultiCriteriaImpl.GetResultsFromDatabase(IList results)
   --- End of inner exception stack trace ---
   at NHibernate.Impl.MultiCriteriaImpl.GetResultsFromDatabase(IList results)
   at NHibernate.Impl.MultiCriteriaImpl.List()
   at NHibernate.Impl.MultiCriteriaImpl.GetResult(String key)
   at BWF.DataServices.QueryConverters.NHibernate.QueryExecutor.GetResultsWithCountForCriteria[Tdb](ISession session, IMultiCriteria multiCriteria, Nullable`1 firstResult, Nullable`1 pageSize, BWFQuery bwfQuery, IList`1 aggregateDetails)
   at BWF.DataServices.QueryConverters.NHibernate.QueryExecutor.BWFQuery[Tdb,Tdto](BWFQuery bwfQuery, IEnumerable`1 roleIds)
   at BWF.DataServices.Core.Abstract.DataServiceRepository.BWFQuery[Tdb,Tdto](BWFQuery bwfQuery, String username, IEnumerable`1 roleIds, IEnumerable`1 securedCollectionPropertyExpands, String token)
   at BWF.DataServices.Core.Abstract.RecordType`2.GetResult(ILog log, IDataServiceRepository repository, BWFQuery bwfQuery, Query query, String username, IEnumerable`1 roleIds, IEnumerable`1 collectionPropertyExpands, String token)
2018-05-30 18:27:56,223 ERROR - DataServiceHub Exception: Object reference not set to an instance of an object.
2018-05-30 18:29:40,276 INFO  - Resetting session timeout to enabled
2018-05-30 18:29:40,348 INFO  - Resetting session timeout process to 5 minute interval.
2018-05-30 18:29:41,678 INFO  - The Explorer host is up and running.
2018-05-30 18:29:42,459 INFO  - Data services successfully refreshed for host https://localhost:5555.
2018-05-30 18:29:48,333 INFO  - Personal data actors started
2018-05-30 18:30:08,922 INFO  - User 'admin' has logged on
2018-05-30 18:30:23,776 ERROR - Error executing query: ReportContact1s?$skip=0&$top=50&$expand=Id,ContactId 
NHibernate.Exceptions.GenericADOException: Failed to execute multi criteria[SQL: SELECT TOP (?) this_.lContactId as lContactId58_0_, this_.lContactDetailId as lContact2_58_0_, this_.sContact as sContact58_0_, this_.sDescription as sDescrip4_58_0_, this_.sApplicationUser as sApplica5_58_0_, this_.sISActive as sISActive58_0_, this_.sContactSalutation as sContact7_58_0_, this_.sFirstName as sFirstName58_0_, this_.sMiddleName as sMiddleN9_58_0_, this_.sLastName as sLastName58_0_, this_.sSuffix as sSuffix58_0_, this_.sTitle as sTitle58_0_, this_.sNickName as sNickName58_0_, this_.sAddressLine1 as sAddres14_58_0_, this_.sAddressLine2 as sAddres15_58_0_, this_.sAddressLine3 as sAddres16_58_0_, this_.sEmail1 as sEmail17_58_0_, this_.sEmail2 as sEmail18_58_0_, this_.sPhoneMain as sPhoneMain58_0_, this_.sPhoneOffice as sPhoneO20_58_0_, this_.sPhoneMobile as sPhoneM21_58_0_, this_.sPhoneHome as sPhoneHome58_0_, this_.sPhoneFax as sPhoneFax58_0_, this_.sPhonePager as sPhoneP24_58_0_, this_.sPhoneTelex as sPhoneT25_58_0_, this_.sPhoneTelexAnswerBack as sPhoneT26_58_0_, CONCAT(CONCAT(this_.ContactId,';'),this_.ContactDetailId) as formula0_0_ FROM dbo.ReportContact1 this_ ORDER BY (case when CONCAT(CONCAT(this_.ContactId,';'),this_.ContactDetailId) is null then ? else ? end) asc, CONCAT(CONCAT(this_.ContactId,';'),this_.ContactDetailId) asc, (case when this_.lContactId is null then ? else ? end) asc, this_.lContactId asc;
SELECT count(*) as y0_ FROM dbo.ReportContact1 this_;
] ---> System.Data.SqlClient.SqlException: Invalid column name 'ContactId'.
Invalid column name 'ContactDetailId'.
Invalid column name 'ContactId'.
Invalid column name 'ContactDetailId'.
Invalid column name 'ContactId'.
Invalid column name 'ContactDetailId'.
   at System.Data.SqlClient.SqlConnection.OnError(SqlException exception, Boolean breakConnection, Action`1 wrapCloseInAction)
   at System.Data.SqlClient.SqlInternalConnection.OnError(SqlException exception, Boolean breakConnection, Action`1 wrapCloseInAction)
   at System.Data.SqlClient.TdsParser.ThrowExceptionAndWarning(TdsParserStateObject stateObj, Boolean callerHasConnectionLock, Boolean asyncClose)
   at System.Data.SqlClient.TdsParser.TryRun(RunBehavior runBehavior, SqlCommand cmdHandler, SqlDataReader dataStream, BulkCopySimpleResultSet bulkCopyHandler, TdsParserStateObject stateObj, Boolean& dataReady)
   at System.Data.SqlClient.SqlDataReader.TryConsumeMetaData()
   at System.Data.SqlClient.SqlDataReader.get_MetaData()
   at System.Data.SqlClient.SqlCommand.FinishExecuteReader(SqlDataReader ds, RunBehavior runBehavior, String resetOptionsString, Boolean isInternal, Boolean forDescribeParameterEncryption, Boolean shouldCacheForAlwaysEncrypted)
   at System.Data.SqlClient.SqlCommand.RunExecuteReaderTds(CommandBehavior cmdBehavior, RunBehavior runBehavior, Boolean returnStream, Boolean async, Int32 timeout, Task& task, Boolean asyncWrite, Boolean inRetry, SqlDataReader ds, Boolean describeParameterEncryptionRequest)
   at System.Data.SqlClient.SqlCommand.RunExecuteReader(CommandBehavior cmdBehavior, RunBehavior runBehavior, Boolean returnStream, String method, TaskCompletionSource`1 completion, Int32 timeout, Task& task, Boolean& usedCache, Boolean asyncWrite, Boolean inRetry)
   at System.Data.SqlClient.SqlCommand.RunExecuteReader(CommandBehavior cmdBehavior, RunBehavior runBehavior, Boolean returnStream, String method)
   at System.Data.SqlClient.SqlCommand.ExecuteReader(CommandBehavior behavior, String method)
   at System.Data.SqlClient.SqlCommand.ExecuteDbDataReader(CommandBehavior behavior)
   at System.Data.Common.DbCommand.System.Data.IDbCommand.ExecuteReader()
   at NHibernate.AdoNet.AbstractBatcher.ExecuteReader(IDbCommand cmd)
   at NHibernate.Driver.BatcherDataReaderWrapper..ctor(IBatcher batcher, IDbCommand command)
   at NHibernate.Driver.BasicResultSetsCommand.GetReader(Nullable`1 commandTimeout)
   at NHibernate.Impl.MultiCriteriaImpl.GetResultsFromDatabase(IList results)
   --- End of inner exception stack trace ---
   at NHibernate.Impl.MultiCriteriaImpl.GetResultsFromDatabase(IList results)
   at NHibernate.Impl.MultiCriteriaImpl.List()
   at NHibernate.Impl.MultiCriteriaImpl.GetResult(String key)
   at BWF.DataServices.QueryConverters.NHibernate.QueryExecutor.GetResultsWithCountForCriteria[Tdb](ISession session, IMultiCriteria multiCriteria, Nullable`1 firstResult, Nullable`1 pageSize, BWFQuery bwfQuery, IList`1 aggregateDetails)
   at BWF.DataServices.QueryConverters.NHibernate.QueryExecutor.BWFQuery[Tdb,Tdto](BWFQuery bwfQuery, IEnumerable`1 roleIds)
2018-05-30 18:30:23,829 ERROR - Exception executing query: ReportContact1s?$skip=0&$top=50&$expand=Id,ContactId - NHibernate.Exceptions.GenericADOException: Failed to execute multi criteria[SQL: SELECT TOP (?) this_.lContactId as lContactId58_0_, this_.lContactDetailId as lContact2_58_0_, this_.sContact as sContact58_0_, this_.sDescription as sDescrip4_58_0_, this_.sApplicationUser as sApplica5_58_0_, this_.sISActive as sISActive58_0_, this_.sContactSalutation as sContact7_58_0_, this_.sFirstName as sFirstName58_0_, this_.sMiddleName as sMiddleN9_58_0_, this_.sLastName as sLastName58_0_, this_.sSuffix as sSuffix58_0_, this_.sTitle as sTitle58_0_, this_.sNickName as sNickName58_0_, this_.sAddressLine1 as sAddres14_58_0_, this_.sAddressLine2 as sAddres15_58_0_, this_.sAddressLine3 as sAddres16_58_0_, this_.sEmail1 as sEmail17_58_0_, this_.sEmail2 as sEmail18_58_0_, this_.sPhoneMain as sPhoneMain58_0_, this_.sPhoneOffice as sPhoneO20_58_0_, this_.sPhoneMobile as sPhoneM21_58_0_, this_.sPhoneHome as sPhoneHome58_0_, this_.sPhoneFax as sPhoneFax58_0_, this_.sPhonePager as sPhoneP24_58_0_, this_.sPhoneTelex as sPhoneT25_58_0_, this_.sPhoneTelexAnswerBack as sPhoneT26_58_0_, CONCAT(CONCAT(this_.ContactId,';'),this_.ContactDetailId) as formula0_0_ FROM dbo.ReportContact1 this_ ORDER BY (case when CONCAT(CONCAT(this_.ContactId,';'),this_.ContactDetailId) is null then ? else ? end) asc, CONCAT(CONCAT(this_.ContactId,';'),this_.ContactDetailId) asc, (case when this_.lContactId is null then ? else ? end) asc, this_.lContactId asc;
SELECT count(*) as y0_ FROM dbo.ReportContact1 this_;
] ---> System.Data.SqlClient.SqlException: Invalid column name 'ContactId'.
Invalid column name 'ContactDetailId'.
Invalid column name 'ContactId'.
Invalid column name 'ContactDetailId'.
Invalid column name 'ContactId'.
Invalid column name 'ContactDetailId'.
   at System.Data.SqlClient.SqlConnection.OnError(SqlException exception, Boolean breakConnection, Action`1 wrapCloseInAction)
   at System.Data.SqlClient.SqlInternalConnection.OnError(SqlException exception, Boolean breakConnection, Action`1 wrapCloseInAction)
   at System.Data.SqlClient.TdsParser.ThrowExceptionAndWarning(TdsParserStateObject stateObj, Boolean callerHasConnectionLock, Boolean asyncClose)
   at System.Data.SqlClient.TdsParser.TryRun(RunBehavior runBehavior, SqlCommand cmdHandler, SqlDataReader dataStream, BulkCopySimpleResultSet bulkCopyHandler, TdsParserStateObject stateObj, Boolean& dataReady)
   at System.Data.SqlClient.SqlDataReader.TryConsumeMetaData()
   at System.Data.SqlClient.SqlDataReader.get_MetaData()
   at System.Data.SqlClient.SqlCommand.FinishExecuteReader(SqlDataReader ds, RunBehavior runBehavior, String resetOptionsString, Boolean isInternal, Boolean forDescribeParameterEncryption, Boolean shouldCacheForAlwaysEncrypted)
   at System.Data.SqlClient.SqlCommand.RunExecuteReaderTds(CommandBehavior cmdBehavior, RunBehavior runBehavior, Boolean returnStream, Boolean async, Int32 timeout, Task& task, Boolean asyncWrite, Boolean inRetry, SqlDataReader ds, Boolean describeParameterEncryptionRequest)
   at System.Data.SqlClient.SqlCommand.RunExecuteReader(CommandBehavior cmdBehavior, RunBehavior runBehavior, Boolean returnStream, String method, TaskCompletionSource`1 completion, Int32 timeout, Task& task, Boolean& usedCache, Boolean asyncWrite, Boolean inRetry)
   at System.Data.SqlClient.SqlCommand.RunExecuteReader(CommandBehavior cmdBehavior, RunBehavior runBehavior, Boolean returnStream, String method)
   at System.Data.SqlClient.SqlCommand.ExecuteReader(CommandBehavior behavior, String method)
   at System.Data.SqlClient.SqlCommand.ExecuteDbDataReader(CommandBehavior behavior)
   at System.Data.Common.DbCommand.System.Data.IDbCommand.ExecuteReader()
   at NHibernate.AdoNet.AbstractBatcher.ExecuteReader(IDbCommand cmd)
   at NHibernate.Driver.BatcherDataReaderWrapper..ctor(IBatcher batcher, IDbCommand command)
   at NHibernate.Driver.BasicResultSetsCommand.GetReader(Nullable`1 commandTimeout)
   at NHibernate.Impl.MultiCriteriaImpl.GetResultsFromDatabase(IList results)
   --- End of inner exception stack trace ---
   at NHibernate.Impl.MultiCriteriaImpl.GetResultsFromDatabase(IList results)
   at NHibernate.Impl.MultiCriteriaImpl.List()
   at NHibernate.Impl.MultiCriteriaImpl.GetResult(String key)
   at BWF.DataServices.QueryConverters.NHibernate.QueryExecutor.GetResultsWithCountForCriteria[Tdb](ISession session, IMultiCriteria multiCriteria, Nullable`1 firstResult, Nullable`1 pageSize, BWFQuery bwfQuery, IList`1 aggregateDetails)
   at BWF.DataServices.QueryConverters.NHibernate.QueryExecutor.BWFQuery[Tdb,Tdto](BWFQuery bwfQuery, IEnumerable`1 roleIds)
   at BWF.DataServices.Core.Abstract.DataServiceRepository.BWFQuery[Tdb,Tdto](BWFQuery bwfQuery, String username, IEnumerable`1 roleIds, IEnumerable`1 securedCollectionPropertyExpands, String token)
   at BWF.DataServices.Core.Abstract.RecordType`2.GetResult(ILog log, IDataServiceRepository repository, BWFQuery bwfQuery, Query query, String username, IEnumerable`1 roleIds, IEnumerable`1 collectionPropertyExpands, String token)
2018-05-30 18:30:23,872 ERROR - DataServiceHub Exception: Object reference not set to an instance of an object.
2018-05-30 18:32:43,492 INFO  - Resetting session timeout to enabled
2018-05-30 18:32:43,569 INFO  - Resetting session timeout process to 5 minute interval.
2018-05-30 18:32:44,848 INFO  - The Explorer host is up and running.
2018-05-30 18:32:45,627 INFO  - Data services successfully refreshed for host https://localhost:5555.
2018-05-30 18:32:51,411 INFO  - Personal data actors started
2018-05-30 18:33:25,960 INFO  - User 'admin' has logged on
2018-05-30 18:44:19,568 INFO  - Resetting session timeout to enabled
2018-05-30 18:44:19,644 INFO  - Resetting session timeout process to 5 minute interval.
2018-05-30 18:44:20,963 INFO  - The Explorer host is up and running.
2018-05-30 18:44:21,759 INFO  - Data services successfully refreshed for host https://localhost:5555.
2018-05-30 18:52:50,585 INFO  - Resetting session timeout to enabled
2018-05-30 18:52:50,664 INFO  - Resetting session timeout process to 5 minute interval.
2018-05-30 18:52:51,909 INFO  - The Explorer host is up and running.
2018-05-30 18:52:52,662 INFO  - Data services successfully refreshed for host https://localhost:5555.
2018-05-30 18:53:15,166 INFO  - User 'admin' has logged on
2018-05-30 18:53:19,377 ERROR - Unhandled error on request: https://localhost:5555/info/dataservices: Identity property attribute not found on type 'ReportContact2'. If using fluent metadata then metadata for type needs adding to the appropriate bundle., System.Exception: Identity property attribute not found on type 'ReportContact2'. If using fluent metadata then metadata for type needs adding to the appropriate bundle.
   at BWF.DataServices.Metadata.TypeMetadataInternal.GetMetadata(Type type, String typeName, String dataServiceName, IDictionary`2 cache)
   at BWF.DataServices.Core.Concrete.MetadataProvider.getTypeMetadata(String dataServiceName, String typeName)
   at BWF.DataServices.Core.Concrete.MetadataProvider.getMetadataMap(String dataServiceName, String type, Boolean excludeExternalMetadata, HashSet`1 typesSeen)
   at BWF.DataServices.Core.Concrete.MetadataProvider.GetMetadataMapExcludingExternalMetadata(String dataServiceName, String type)
   at BWF.DataServices.Core.Abstract.DataService`1.<GetAvailableServiceLevelPermissions>b__59_0(IRecordType x)
   at System.Linq.Enumerable.<SelectManyIterator>d__17`2.MoveNext()
   at System.Linq.Enumerable.<ConcatIterator>d__59`1.MoveNext()
   at System.Linq.Enumerable.<ConcatIterator>d__59`1.MoveNext()
   at System.Linq.Enumerable.<ConcatIterator>d__59`1.MoveNext()
   at System.Linq.Enumerable.<DistinctIterator>d__64`1.MoveNext()
   at System.Collections.Generic.List`1..ctor(IEnumerable`1 collection)
   at System.Linq.Enumerable.ToList[TSource](IEnumerable`1 source)
   at BWF.DataServices.Core.Abstract.DataService`1.GetAvailableServiceLevelPermissions()
   at BWF.DataServices.StartUp.Nancy.DataServiceInfoModule.<>c.<getDataServiceSummaries>b__1_0(IDataService ds)
   at System.Linq.Enumerable.WhereSelectEnumerableIterator`2.MoveNext()
   at System.Collections.Generic.List`1..ctor(IEnumerable`1 collection)
   at System.Linq.Enumerable.ToList[TSource](IEnumerable`1 source)
   at BWF.DataServices.StartUp.Nancy.DataServiceInfoModule.<>c__DisplayClass0_0.<.ctor>b__1()
   at System.Threading.Tasks.Task`1.InnerInvoke()
   at System.Threading.Tasks.Task.Execute()
--- End of stack trace from previous location where exception was thrown ---
   at System.Runtime.CompilerServices.TaskAwaiter.ThrowForNonSuccess(Task task)
   at System.Runtime.CompilerServices.TaskAwaiter.HandleNonSuccessAndDebuggerNotification(Task task)
   at BWF.DataServices.StartUp.Nancy.DataServiceInfoModule.<>c__DisplayClass0_0.<<-ctor>b__0>d.MoveNext()
2018-05-30 18:53:19,463 ERROR - Unable to get summary from host https://localhost:5555
System.ArgumentNullException: Value cannot be null.
Parameter name: source
   at System.Linq.Enumerable.Select[TSource,TResult](IEnumerable`1 source, Func`2 selector)
   at BWF.Explorer.StartUp.Concrete.MenuHelper.<<GetDataServiceSummariesAsync>b__3_0>d.MoveNext()
2018-05-30 18:58:45,013 INFO  - Resetting session timeout to enabled
2018-05-30 18:58:45,094 INFO  - Resetting session timeout process to 5 minute interval.
2018-05-30 18:58:46,374 INFO  - The Explorer host is up and running.
2018-05-30 18:58:47,145 INFO  - Data services successfully refreshed for host https://localhost:5555.
2018-05-30 19:00:56,860 INFO  - User 'admin' has logged on
2018-05-30 19:03:55,590 INFO  - Resetting session timeout to enabled
2018-05-30 19:03:55,660 INFO  - Resetting session timeout process to 5 minute interval.
2018-05-30 19:03:56,946 INFO  - The Explorer host is up and running.
2018-05-30 19:03:57,704 INFO  - Data services successfully refreshed for host https://localhost:5555.
2018-05-30 19:07:33,576 INFO  - Resetting session timeout to enabled
2018-05-30 19:07:33,646 INFO  - Resetting session timeout process to 5 minute interval.
2018-05-30 19:07:34,899 INFO  - The Explorer host is up and running.
2018-05-30 19:07:35,672 INFO  - Data services successfully refreshed for host https://localhost:5555.
2018-05-30 19:10:28,101 INFO  - Resetting session timeout to enabled
2018-05-30 19:10:28,173 INFO  - Resetting session timeout process to 5 minute interval.
2018-05-30 19:10:29,445 INFO  - The Explorer host is up and running.
2018-05-30 19:10:30,209 INFO  - Data services successfully refreshed for host https://localhost:5555.
2018-05-30 19:13:22,794 INFO  - User 'admin' has logged on
2018-05-30 19:13:31,674 ERROR - Unhandled error on request: https://localhost:5555/info/dataservices: Identity property attribute not found on type 'ReportContact2'. If using fluent metadata then metadata for type needs adding to the appropriate bundle., System.Exception: Identity property attribute not found on type 'ReportContact2'. If using fluent metadata then metadata for type needs adding to the appropriate bundle.
   at BWF.DataServices.Metadata.TypeMetadataInternal.GetMetadata(Type type, String typeName, String dataServiceName, IDictionary`2 cache)
   at BWF.DataServices.Core.Concrete.MetadataProvider.getTypeMetadata(String dataServiceName, String typeName)
   at BWF.DataServices.Core.Concrete.MetadataProvider.getMetadataMap(String dataServiceName, String type, Boolean excludeExternalMetadata, HashSet`1 typesSeen)
   at BWF.DataServices.Core.Concrete.MetadataProvider.GetMetadataMapExcludingExternalMetadata(String dataServiceName, String type)
   at BWF.DataServices.Core.Abstract.DataService`1.<GetAvailableServiceLevelPermissions>b__59_0(IRecordType x)
   at System.Linq.Enumerable.<SelectManyIterator>d__17`2.MoveNext()
   at System.Linq.Enumerable.<ConcatIterator>d__59`1.MoveNext()
   at System.Linq.Enumerable.<ConcatIterator>d__59`1.MoveNext()
   at System.Linq.Enumerable.<ConcatIterator>d__59`1.MoveNext()
   at System.Linq.Enumerable.<DistinctIterator>d__64`1.MoveNext()
   at System.Collections.Generic.List`1..ctor(IEnumerable`1 collection)
   at System.Linq.Enumerable.ToList[TSource](IEnumerable`1 source)
   at BWF.DataServices.Core.Abstract.DataService`1.GetAvailableServiceLevelPermissions()
   at BWF.DataServices.StartUp.Nancy.DataServiceInfoModule.<>c.<getDataServiceSummaries>b__1_0(IDataService ds)
   at System.Linq.Enumerable.WhereSelectEnumerableIterator`2.MoveNext()
   at System.Collections.Generic.List`1..ctor(IEnumerable`1 collection)
   at System.Linq.Enumerable.ToList[TSource](IEnumerable`1 source)
   at BWF.DataServices.StartUp.Nancy.DataServiceInfoModule.<>c__DisplayClass0_0.<.ctor>b__1()
   at System.Threading.Tasks.Task`1.InnerInvoke()
   at System.Threading.Tasks.Task.Execute()
--- End of stack trace from previous location where exception was thrown ---
   at System.Runtime.CompilerServices.TaskAwaiter.ThrowForNonSuccess(Task task)
   at System.Runtime.CompilerServices.TaskAwaiter.HandleNonSuccessAndDebuggerNotification(Task task)
   at BWF.DataServices.StartUp.Nancy.DataServiceInfoModule.<>c__DisplayClass0_0.<<-ctor>b__0>d.MoveNext()
2018-05-30 19:13:31,829 ERROR - Unable to get summary from host https://localhost:5555
System.ArgumentNullException: Value cannot be null.
Parameter name: source
   at System.Linq.Enumerable.Select[TSource,TResult](IEnumerable`1 source, Func`2 selector)
   at BWF.Explorer.StartUp.Concrete.MenuHelper.<<GetDataServiceSummariesAsync>b__3_0>d.MoveNext()
2018-05-30 19:16:30,187 INFO  - Resetting session timeout to enabled
2018-05-30 19:16:30,260 INFO  - Resetting session timeout process to 5 minute interval.
2018-05-30 19:16:31,588 INFO  - The Explorer host is up and running.
2018-05-30 19:16:32,373 INFO  - Data services successfully refreshed for host https://localhost:5555.
2018-05-30 19:16:38,135 INFO  - Personal data actors started
2018-05-30 19:17:00,248 INFO  - User 'admin' has logged on
